Start testing: Oct 23 04:12 UTC
----------------------------------------------------------
1/50 Testing: Pivot.Empty
1/50 Test: Pivot.Empty
Command: "/usr/bin/valgrind" "--tool=memcheck" "--leak-check=yes" "--trace-children=no" "--error-exitcode=113" "/home/codio/workspace/hw3/hw3_tests/build/llrec_tests/llrec_tests" "--gtest_filter=Pivot.Empty"
Directory: /home/codio/workspace/hw3/hw3_tests/build/llrec_tests
"Pivot.Empty" start time: Oct 23 04:12 UTC
Output:
----------------------------------------------------------
==1485== Memcheck, a memory error detector
==1485== Copyright (C) 2002-2017, and GNU GPL'd, by Julian Seward et al.
==1485== Using Valgrind-3.13.0 and LibVEX; rerun with -h for copyright info
==1485== Command: /home/codio/workspace/hw3/hw3_tests/build/llrec_tests/llrec_tests --gtest_filter=Pivot.Empty
==1485== 
Running main() from /home/codio/googletest/googletest/src/gtest_main.cc
Note: Google Test filter = Pivot.Empty
[==========] Running 1 test from 1 test suite.
[----------] Global test environment set-up.
[----------] 1 test from Pivot
[ RUN      ] Pivot.Empty
[       OK ] Pivot.Empty (21 ms)
[----------] 1 test from Pivot (31 ms total)

[----------] Global test environment tear-down
[==========] 1 test from 1 test suite ran. (86 ms total)
[  PASSED  ] 1 test.
==1485== 
==1485== HEAP SUMMARY:
==1485==     in use at exit: 0 bytes in 0 blocks
==1485==   total heap usage: 404 allocs, 404 frees, 133,125 bytes allocated
==1485== 
==1485== All heap blocks were freed -- no leaks are possible
==1485== 
==1485== For counts of detected and suppressed errors, rerun with: -v
==1485== ERROR SUMMARY: 0 errors from 0 contexts (suppressed: 0 from 0)
<end of output>
Test time =   1.63 sec
----------------------------------------------------------
Test Passed.
"Pivot.Empty" end time: Oct 23 04:12 UTC
"Pivot.Empty" time elapsed: 00:00:01
----------------------------------------------------------

2/50 Testing: Pivot.Size1SmallEmpty
2/50 Test: Pivot.Size1SmallEmpty
Command: "/usr/bin/valgrind" "--tool=memcheck" "--leak-check=yes" "--trace-children=no" "--error-exitcode=113" "/home/codio/workspace/hw3/hw3_tests/build/llrec_tests/llrec_tests" "--gtest_filter=Pivot.Size1SmallEmpty"
Directory: /home/codio/workspace/hw3/hw3_tests/build/llrec_tests
"Pivot.Size1SmallEmpty" start time: Oct 23 04:12 UTC
Output:
----------------------------------------------------------
==1486== Memcheck, a memory error detector
==1486== Copyright (C) 2002-2017, and GNU GPL'd, by Julian Seward et al.
==1486== Using Valgrind-3.13.0 and LibVEX; rerun with -h for copyright info
==1486== Command: /home/codio/workspace/hw3/hw3_tests/build/llrec_tests/llrec_tests --gtest_filter=Pivot.Size1SmallEmpty
==1486== 
Running main() from /home/codio/googletest/googletest/src/gtest_main.cc
Note: Google Test filter = Pivot.Size1SmallEmpty
[==========] Running 1 test from 1 test suite.
[----------] Global test environment set-up.
[----------] 1 test from Pivot
[ RUN      ] Pivot.Size1SmallEmpty
[       OK ] Pivot.Size1SmallEmpty (36 ms)
[----------] 1 test from Pivot (48 ms total)

[----------] Global test environment tear-down
[==========] 1 test from 1 test suite ran. (103 ms total)
[  PASSED  ] 1 test.
==1486== 
==1486== HEAP SUMMARY:
==1486==     in use at exit: 0 bytes in 0 blocks
==1486==   total heap usage: 413 allocs, 413 frees, 133,370 bytes allocated
==1486== 
==1486== All heap blocks were freed -- no leaks are possible
==1486== 
==1486== For counts of detected and suppressed errors, rerun with: -v
==1486== ERROR SUMMARY: 0 errors from 0 contexts (suppressed: 0 from 0)
<end of output>
Test time =   1.60 sec
----------------------------------------------------------
Test Passed.
"Pivot.Size1SmallEmpty" end time: Oct 23 04:12 UTC
"Pivot.Size1SmallEmpty" time elapsed: 00:00:01
----------------------------------------------------------

3/50 Testing: Pivot.Size1LargeEmpty
3/50 Test: Pivot.Size1LargeEmpty
Command: "/usr/bin/valgrind" "--tool=memcheck" "--leak-check=yes" "--trace-children=no" "--error-exitcode=113" "/home/codio/workspace/hw3/hw3_tests/build/llrec_tests/llrec_tests" "--gtest_filter=Pivot.Size1LargeEmpty"
Directory: /home/codio/workspace/hw3/hw3_tests/build/llrec_tests
"Pivot.Size1LargeEmpty" start time: Oct 23 04:12 UTC
Output:
----------------------------------------------------------
==1487== Memcheck, a memory error detector
==1487== Copyright (C) 2002-2017, and GNU GPL'd, by Julian Seward et al.
==1487== Using Valgrind-3.13.0 and LibVEX; rerun with -h for copyright info
==1487== Command: /home/codio/workspace/hw3/hw3_tests/build/llrec_tests/llrec_tests --gtest_filter=Pivot.Size1LargeEmpty
==1487== 
Running main() from /home/codio/googletest/googletest/src/gtest_main.cc
Note: Google Test filter = Pivot.Size1LargeEmpty
[==========] Running 1 test from 1 test suite.
[----------] Global test environment set-up.
[----------] 1 test from Pivot
[ RUN      ] Pivot.Size1LargeEmpty
[       OK ] Pivot.Size1LargeEmpty (35 ms)
[----------] 1 test from Pivot (45 ms total)

[----------] Global test environment tear-down
[==========] 1 test from 1 test suite ran. (99 ms total)
[  PASSED  ] 1 test.
==1487== 
==1487== HEAP SUMMARY:
==1487==     in use at exit: 0 bytes in 0 blocks
==1487==   total heap usage: 413 allocs, 413 frees, 133,370 bytes allocated
==1487== 
==1487== All heap blocks were freed -- no leaks are possible
==1487== 
==1487== For counts of detected and suppressed errors, rerun with: -v
==1487== ERROR SUMMARY: 0 errors from 0 contexts (suppressed: 0 from 0)
<end of output>
Test time =   1.70 sec
----------------------------------------------------------
Test Passed.
"Pivot.Size1LargeEmpty" end time: Oct 23 04:12 UTC
"Pivot.Size1LargeEmpty" time elapsed: 00:00:01
----------------------------------------------------------

4/50 Testing: Pivot.Size2SmallLarge
4/50 Test: Pivot.Size2SmallLarge
Command: "/usr/bin/valgrind" "--tool=memcheck" "--leak-check=yes" "--trace-children=no" "--error-exitcode=113" "/home/codio/workspace/hw3/hw3_tests/build/llrec_tests/llrec_tests" "--gtest_filter=Pivot.Size2SmallLarge"
Directory: /home/codio/workspace/hw3/hw3_tests/build/llrec_tests
"Pivot.Size2SmallLarge" start time: Oct 23 04:12 UTC
Output:
----------------------------------------------------------
==1488== Memcheck, a memory error detector
==1488== Copyright (C) 2002-2017, and GNU GPL'd, by Julian Seward et al.
==1488== Using Valgrind-3.13.0 and LibVEX; rerun with -h for copyright info
==1488== Command: /home/codio/workspace/hw3/hw3_tests/build/llrec_tests/llrec_tests --gtest_filter=Pivot.Size2SmallLarge
==1488== 
Running main() from /home/codio/googletest/googletest/src/gtest_main.cc
Note: Google Test filter = Pivot.Size2SmallLarge
[==========] Running 1 test from 1 test suite.
[----------] Global test environment set-up.
[----------] 1 test from Pivot
[ RUN      ] Pivot.Size2SmallLarge
[       OK ] Pivot.Size2SmallLarge (35 ms)
[----------] 1 test from Pivot (46 ms total)

[----------] Global test environment tear-down
[==========] 1 test from 1 test suite ran. (107 ms total)
[  PASSED  ] 1 test.
==1488== 
==1488== HEAP SUMMARY:
==1488==     in use at exit: 0 bytes in 0 blocks
==1488==   total heap usage: 415 allocs, 415 frees, 133,394 bytes allocated
==1488== 
==1488== All heap blocks were freed -- no leaks are possible
==1488== 
==1488== For counts of detected and suppressed errors, rerun with: -v
==1488== ERROR SUMMARY: 0 errors from 0 contexts (suppressed: 0 from 0)
<end of output>
Test time =   1.67 sec
----------------------------------------------------------
Test Passed.
"Pivot.Size2SmallLarge" end time: Oct 23 04:12 UTC
"Pivot.Size2SmallLarge" time elapsed: 00:00:01
----------------------------------------------------------

5/50 Testing: Pivot.Size2LargeSmall
5/50 Test: Pivot.Size2LargeSmall
Command: "/usr/bin/valgrind" "--tool=memcheck" "--leak-check=yes" "--trace-children=no" "--error-exitcode=113" "/home/codio/workspace/hw3/hw3_tests/build/llrec_tests/llrec_tests" "--gtest_filter=Pivot.Size2LargeSmall"
Directory: /home/codio/workspace/hw3/hw3_tests/build/llrec_tests
"Pivot.Size2LargeSmall" start time: Oct 23 04:12 UTC
Output:
----------------------------------------------------------
==1489== Memcheck, a memory error detector
==1489== Copyright (C) 2002-2017, and GNU GPL'd, by Julian Seward et al.
==1489== Using Valgrind-3.13.0 and LibVEX; rerun with -h for copyright info
==1489== Command: /home/codio/workspace/hw3/hw3_tests/build/llrec_tests/llrec_tests --gtest_filter=Pivot.Size2LargeSmall
==1489== 
Running main() from /home/codio/googletest/googletest/src/gtest_main.cc
Note: Google Test filter = Pivot.Size2LargeSmall
[==========] Running 1 test from 1 test suite.
[----------] Global test environment set-up.
[----------] 1 test from Pivot
[ RUN      ] Pivot.Size2LargeSmall
[       OK ] Pivot.Size2LargeSmall (33 ms)
[----------] 1 test from Pivot (43 ms total)

[----------] Global test environment tear-down
[==========] 1 test from 1 test suite ran. (97 ms total)
[  PASSED  ] 1 test.
==1489== 
==1489== HEAP SUMMARY:
==1489==     in use at exit: 0 bytes in 0 blocks
==1489==   total heap usage: 415 allocs, 415 frees, 133,394 bytes allocated
==1489== 
==1489== All heap blocks were freed -- no leaks are possible
==1489== 
==1489== For counts of detected and suppressed errors, rerun with: -v
==1489== ERROR SUMMARY: 0 errors from 0 contexts (suppressed: 0 from 0)
<end of output>
Test time =   1.61 sec
----------------------------------------------------------
Test Passed.
"Pivot.Size2LargeSmall" end time: Oct 23 04:12 UTC
"Pivot.Size2LargeSmall" time elapsed: 00:00:01
----------------------------------------------------------

6/50 Testing: Pivot.Size3LargeSmallLarge
6/50 Test: Pivot.Size3LargeSmallLarge
Command: "/usr/bin/valgrind" "--tool=memcheck" "--leak-check=yes" "--trace-children=no" "--error-exitcode=113" "/home/codio/workspace/hw3/hw3_tests/build/llrec_tests/llrec_tests" "--gtest_filter=Pivot.Size3LargeSmallLarge"
Directory: /home/codio/workspace/hw3/hw3_tests/build/llrec_tests
"Pivot.Size3LargeSmallLarge" start time: Oct 23 04:12 UTC
Output:
----------------------------------------------------------
==1490== Memcheck, a memory error detector
==1490== Copyright (C) 2002-2017, and GNU GPL'd, by Julian Seward et al.
==1490== Using Valgrind-3.13.0 and LibVEX; rerun with -h for copyright info
==1490== Command: /home/codio/workspace/hw3/hw3_tests/build/llrec_tests/llrec_tests --gtest_filter=Pivot.Size3LargeSmallLarge
==1490== 
Running main() from /home/codio/googletest/googletest/src/gtest_main.cc
Note: Google Test filter = Pivot.Size3LargeSmallLarge
[==========] Running 1 test from 1 test suite.
[----------] Global test environment set-up.
[----------] 1 test from Pivot
[ RUN      ] Pivot.Size3LargeSmallLarge
[       OK ] Pivot.Size3LargeSmallLarge (33 ms)
[----------] 1 test from Pivot (43 ms total)

[----------] Global test environment tear-down
[==========] 1 test from 1 test suite ran. (96 ms total)
[  PASSED  ] 1 test.
==1490== 
==1490== HEAP SUMMARY:
==1490==     in use at exit: 0 bytes in 0 blocks
==1490==   total heap usage: 416 allocs, 416 frees, 133,468 bytes allocated
==1490== 
==1490== All heap blocks were freed -- no leaks are possible
==1490== 
==1490== For counts of detected and suppressed errors, rerun with: -v
==1490== ERROR SUMMARY: 0 errors from 0 contexts (suppressed: 0 from 0)
<end of output>
Test time =   1.60 sec
----------------------------------------------------------
Test Passed.
"Pivot.Size3LargeSmallLarge" end time: Oct 23 04:12 UTC
"Pivot.Size3LargeSmallLarge" time elapsed: 00:00:01
----------------------------------------------------------

7/50 Testing: Pivot.Size3SmallLargeSmall
7/50 Test: Pivot.Size3SmallLargeSmall
Command: "/usr/bin/valgrind" "--tool=memcheck" "--leak-check=yes" "--trace-children=no" "--error-exitcode=113" "/home/codio/workspace/hw3/hw3_tests/build/llrec_tests/llrec_tests" "--gtest_filter=Pivot.Size3SmallLargeSmall"
Directory: /home/codio/workspace/hw3/hw3_tests/build/llrec_tests
"Pivot.Size3SmallLargeSmall" start time: Oct 23 04:12 UTC
Output:
----------------------------------------------------------
==1491== Memcheck, a memory error detector
==1491== Copyright (C) 2002-2017, and GNU GPL'd, by Julian Seward et al.
==1491== Using Valgrind-3.13.0 and LibVEX; rerun with -h for copyright info
==1491== Command: /home/codio/workspace/hw3/hw3_tests/build/llrec_tests/llrec_tests --gtest_filter=Pivot.Size3SmallLargeSmall
==1491== 
Running main() from /home/codio/googletest/googletest/src/gtest_main.cc
Note: Google Test filter = Pivot.Size3SmallLargeSmall
[==========] Running 1 test from 1 test suite.
[----------] Global test environment set-up.
[----------] 1 test from Pivot
[ RUN      ] Pivot.Size3SmallLargeSmall
[       OK ] Pivot.Size3SmallLargeSmall (33 ms)
[----------] 1 test from Pivot (43 ms total)

[----------] Global test environment tear-down
[==========] 1 test from 1 test suite ran. (97 ms total)
[  PASSED  ] 1 test.
==1491== 
==1491== HEAP SUMMARY:
==1491==     in use at exit: 0 bytes in 0 blocks
==1491==   total heap usage: 416 allocs, 416 frees, 133,468 bytes allocated
==1491== 
==1491== All heap blocks were freed -- no leaks are possible
==1491== 
==1491== For counts of detected and suppressed errors, rerun with: -v
==1491== ERROR SUMMARY: 0 errors from 0 contexts (suppressed: 0 from 0)
<end of output>
Test time =   1.63 sec
----------------------------------------------------------
Test Passed.
"Pivot.Size3SmallLargeSmall" end time: Oct 23 04:12 UTC
"Pivot.Size3SmallLargeSmall" time elapsed: 00:00:01
----------------------------------------------------------

8/50 Testing: Pivot.Size3LargeLargeSmall
8/50 Test: Pivot.Size3LargeLargeSmall
Command: "/usr/bin/valgrind" "--tool=memcheck" "--leak-check=yes" "--trace-children=no" "--error-exitcode=113" "/home/codio/workspace/hw3/hw3_tests/build/llrec_tests/llrec_tests" "--gtest_filter=Pivot.Size3LargeLargeSmall"
Directory: /home/codio/workspace/hw3/hw3_tests/build/llrec_tests
"Pivot.Size3LargeLargeSmall" start time: Oct 23 04:12 UTC
Output:
----------------------------------------------------------
==1492== Memcheck, a memory error detector
==1492== Copyright (C) 2002-2017, and GNU GPL'd, by Julian Seward et al.
==1492== Using Valgrind-3.13.0 and LibVEX; rerun with -h for copyright info
==1492== Command: /home/codio/workspace/hw3/hw3_tests/build/llrec_tests/llrec_tests --gtest_filter=Pivot.Size3LargeLargeSmall
==1492== 
Running main() from /home/codio/googletest/googletest/src/gtest_main.cc
Note: Google Test filter = Pivot.Size3LargeLargeSmall
[==========] Running 1 test from 1 test suite.
[----------] Global test environment set-up.
[----------] 1 test from Pivot
[ RUN      ] Pivot.Size3LargeLargeSmall
[       OK ] Pivot.Size3LargeLargeSmall (34 ms)
[----------] 1 test from Pivot (45 ms total)

[----------] Global test environment tear-down
[==========] 1 test from 1 test suite ran. (98 ms total)
[  PASSED  ] 1 test.
==1492== 
==1492== HEAP SUMMARY:
==1492==     in use at exit: 0 bytes in 0 blocks
==1492==   total heap usage: 416 allocs, 416 frees, 133,468 bytes allocated
==1492== 
==1492== All heap blocks were freed -- no leaks are possible
==1492== 
==1492== For counts of detected and suppressed errors, rerun with: -v
==1492== ERROR SUMMARY: 0 errors from 0 contexts (suppressed: 0 from 0)
<end of output>
Test time =   1.63 sec
----------------------------------------------------------
Test Passed.
"Pivot.Size3LargeLargeSmall" end time: Oct 23 04:12 UTC
"Pivot.Size3LargeLargeSmall" time elapsed: 00:00:01
----------------------------------------------------------

9/50 Testing: Pivot.Size6SmallThenLarge
9/50 Test: Pivot.Size6SmallThenLarge
Command: "/usr/bin/valgrind" "--tool=memcheck" "--leak-check=yes" "--trace-children=no" "--error-exitcode=113" "/home/codio/workspace/hw3/hw3_tests/build/llrec_tests/llrec_tests" "--gtest_filter=Pivot.Size6SmallThenLarge"
Directory: /home/codio/workspace/hw3/hw3_tests/build/llrec_tests
"Pivot.Size6SmallThenLarge" start time: Oct 23 04:12 UTC
Output:
----------------------------------------------------------
==1493== Memcheck, a memory error detector
==1493== Copyright (C) 2002-2017, and GNU GPL'd, by Julian Seward et al.
==1493== Using Valgrind-3.13.0 and LibVEX; rerun with -h for copyright info
==1493== Command: /home/codio/workspace/hw3/hw3_tests/build/llrec_tests/llrec_tests --gtest_filter=Pivot.Size6SmallThenLarge
==1493== 
Running main() from /home/codio/googletest/googletest/src/gtest_main.cc
Note: Google Test filter = Pivot.Size6SmallThenLarge
[==========] Running 1 test from 1 test suite.
[----------] Global test environment set-up.
[----------] 1 test from Pivot
[ RUN      ] Pivot.Size6SmallThenLarge
[       OK ] Pivot.Size6SmallThenLarge (33 ms)
[----------] 1 test from Pivot (43 ms total)

[----------] Global test environment tear-down
[==========] 1 test from 1 test suite ran. (97 ms total)
[  PASSED  ] 1 test.
==1493== 
==1493== HEAP SUMMARY:
==1493==     in use at exit: 0 bytes in 0 blocks
==1493==   total heap usage: 419 allocs, 419 frees, 133,530 bytes allocated
==1493== 
==1493== All heap blocks were freed -- no leaks are possible
==1493== 
==1493== For counts of detected and suppressed errors, rerun with: -v
==1493== ERROR SUMMARY: 0 errors from 0 contexts (suppressed: 0 from 0)
<end of output>
Test time =   1.60 sec
----------------------------------------------------------
Test Passed.
"Pivot.Size6SmallThenLarge" end time: Oct 23 04:12 UTC
"Pivot.Size6SmallThenLarge" time elapsed: 00:00:01
----------------------------------------------------------

10/50 Testing: Pivot.Size6LargeThenSmall
10/50 Test: Pivot.Size6LargeThenSmall
Command: "/usr/bin/valgrind" "--tool=memcheck" "--leak-check=yes" "--trace-children=no" "--error-exitcode=113" "/home/codio/workspace/hw3/hw3_tests/build/llrec_tests/llrec_tests" "--gtest_filter=Pivot.Size6LargeThenSmall"
Directory: /home/codio/workspace/hw3/hw3_tests/build/llrec_tests
"Pivot.Size6LargeThenSmall" start time: Oct 23 04:12 UTC
Output:
----------------------------------------------------------
==1494== Memcheck, a memory error detector
==1494== Copyright (C) 2002-2017, and GNU GPL'd, by Julian Seward et al.
==1494== Using Valgrind-3.13.0 and LibVEX; rerun with -h for copyright info
==1494== Command: /home/codio/workspace/hw3/hw3_tests/build/llrec_tests/llrec_tests --gtest_filter=Pivot.Size6LargeThenSmall
==1494== 
Running main() from /home/codio/googletest/googletest/src/gtest_main.cc
Note: Google Test filter = Pivot.Size6LargeThenSmall
[==========] Running 1 test from 1 test suite.
[----------] Global test environment set-up.
[----------] 1 test from Pivot
[ RUN      ] Pivot.Size6LargeThenSmall
[       OK ] Pivot.Size6LargeThenSmall (34 ms)
[----------] 1 test from Pivot (44 ms total)

[----------] Global test environment tear-down
[==========] 1 test from 1 test suite ran. (97 ms total)
[  PASSED  ] 1 test.
==1494== 
==1494== HEAP SUMMARY:
==1494==     in use at exit: 0 bytes in 0 blocks
==1494==   total heap usage: 419 allocs, 419 frees, 133,530 bytes allocated
==1494== 
==1494== All heap blocks were freed -- no leaks are possible
==1494== 
==1494== For counts of detected and suppressed errors, rerun with: -v
==1494== ERROR SUMMARY: 0 errors from 0 contexts (suppressed: 0 from 0)
<end of output>
Test time =   1.58 sec
----------------------------------------------------------
Test Passed.
"Pivot.Size6LargeThenSmall" end time: Oct 23 04:12 UTC
"Pivot.Size6LargeThenSmall" time elapsed: 00:00:01
----------------------------------------------------------

11/50 Testing: Pivot.Nominal
11/50 Test: Pivot.Nominal
Command: "/usr/bin/valgrind" "--tool=memcheck" "--leak-check=yes" "--trace-children=no" "--error-exitcode=113" "/home/codio/workspace/hw3/hw3_tests/build/llrec_tests/llrec_tests" "--gtest_filter=Pivot.Nominal"
Directory: /home/codio/workspace/hw3/hw3_tests/build/llrec_tests
"Pivot.Nominal" start time: Oct 23 04:12 UTC
Output:
----------------------------------------------------------
==1495== Memcheck, a memory error detector
==1495== Copyright (C) 2002-2017, and GNU GPL'd, by Julian Seward et al.
==1495== Using Valgrind-3.13.0 and LibVEX; rerun with -h for copyright info
==1495== Command: /home/codio/workspace/hw3/hw3_tests/build/llrec_tests/llrec_tests --gtest_filter=Pivot.Nominal
==1495== 
Running main() from /home/codio/googletest/googletest/src/gtest_main.cc
Note: Google Test filter = Pivot.Nominal
[==========] Running 1 test from 1 test suite.
[----------] Global test environment set-up.
[----------] 1 test from Pivot
[ RUN      ] Pivot.Nominal
[       OK ] Pivot.Nominal (34 ms)
[----------] 1 test from Pivot (44 ms total)

[----------] Global test environment tear-down
[==========] 1 test from 1 test suite ran. (100 ms total)
[  PASSED  ] 1 test.
==1495== 
==1495== HEAP SUMMARY:
==1495==     in use at exit: 0 bytes in 0 blocks
==1495==   total heap usage: 411 allocs, 411 frees, 133,231 bytes allocated
==1495== 
==1495== All heap blocks were freed -- no leaks are possible
==1495== 
==1495== For counts of detected and suppressed errors, rerun with: -v
==1495== ERROR SUMMARY: 0 errors from 0 contexts (suppressed: 0 from 0)
<end of output>
Test time =   1.59 sec
----------------------------------------------------------
Test Passed.
"Pivot.Nominal" end time: Oct 23 04:12 UTC
"Pivot.Nominal" time elapsed: 00:00:01
----------------------------------------------------------

12/50 Testing: Pivot.SameValues
12/50 Test: Pivot.SameValues
Command: "/usr/bin/valgrind" "--tool=memcheck" "--leak-check=yes" "--trace-children=no" "--error-exitcode=113" "/home/codio/workspace/hw3/hw3_tests/build/llrec_tests/llrec_tests" "--gtest_filter=Pivot.SameValues"
Directory: /home/codio/workspace/hw3/hw3_tests/build/llrec_tests
"Pivot.SameValues" start time: Oct 23 04:12 UTC
Output:
----------------------------------------------------------
==1496== Memcheck, a memory error detector
==1496== Copyright (C) 2002-2017, and GNU GPL'd, by Julian Seward et al.
==1496== Using Valgrind-3.13.0 and LibVEX; rerun with -h for copyright info
==1496== Command: /home/codio/workspace/hw3/hw3_tests/build/llrec_tests/llrec_tests --gtest_filter=Pivot.SameValues
==1496== 
Running main() from /home/codio/googletest/googletest/src/gtest_main.cc
Note: Google Test filter = Pivot.SameValues
[==========] Running 1 test from 1 test suite.
[----------] Global test environment set-up.
[----------] 1 test from Pivot
[ RUN      ] Pivot.SameValues
[       OK ] Pivot.SameValues (33 ms)
[----------] 1 test from Pivot (43 ms total)

[----------] Global test environment tear-down
[==========] 1 test from 1 test suite ran. (96 ms total)
[  PASSED  ] 1 test.
==1496== 
==1496== HEAP SUMMARY:
==1496==     in use at exit: 0 bytes in 0 blocks
==1496==   total heap usage: 416 allocs, 416 frees, 133,392 bytes allocated
==1496== 
==1496== All heap blocks were freed -- no leaks are possible
==1496== 
==1496== For counts of detected and suppressed errors, rerun with: -v
==1496== ERROR SUMMARY: 0 errors from 0 contexts (suppressed: 0 from 0)
<end of output>
Test time =   1.57 sec
----------------------------------------------------------
Test Passed.
"Pivot.SameValues" end time: Oct 23 04:12 UTC
"Pivot.SameValues" time elapsed: 00:00:01
----------------------------------------------------------

13/50 Testing: Pivot.NoCopySameNodeCheck
13/50 Test: Pivot.NoCopySameNodeCheck
Command: "/usr/bin/valgrind" "--tool=memcheck" "--leak-check=yes" "--trace-children=no" "--error-exitcode=113" "/home/codio/workspace/hw3/hw3_tests/build/llrec_tests/llrec_tests" "--gtest_filter=Pivot.NoCopySameNodeCheck"
Directory: /home/codio/workspace/hw3/hw3_tests/build/llrec_tests
"Pivot.NoCopySameNodeCheck" start time: Oct 23 04:12 UTC
Output:
----------------------------------------------------------
==1497== Memcheck, a memory error detector
==1497== Copyright (C) 2002-2017, and GNU GPL'd, by Julian Seward et al.
==1497== Using Valgrind-3.13.0 and LibVEX; rerun with -h for copyright info
==1497== Command: /home/codio/workspace/hw3/hw3_tests/build/llrec_tests/llrec_tests --gtest_filter=Pivot.NoCopySameNodeCheck
==1497== 
Running main() from /home/codio/googletest/googletest/src/gtest_main.cc
Note: Google Test filter = Pivot.NoCopySameNodeCheck
[==========] Running 1 test from 1 test suite.
[----------] Global test environment set-up.
[----------] 1 test from Pivot
[ RUN      ] Pivot.NoCopySameNodeCheck
[       OK ] Pivot.NoCopySameNodeCheck (49 ms)
[----------] 1 test from Pivot (58 ms total)

[----------] Global test environment tear-down
[==========] 1 test from 1 test suite ran. (111 ms total)
[  PASSED  ] 1 test.
==1497== 
==1497== HEAP SUMMARY:
==1497==     in use at exit: 0 bytes in 0 blocks
==1497==   total heap usage: 420 allocs, 420 frees, 133,538 bytes allocated
==1497== 
==1497== All heap blocks were freed -- no leaks are possible
==1497== 
==1497== For counts of detected and suppressed errors, rerun with: -v
==1497== ERROR SUMMARY: 0 errors from 0 contexts (suppressed: 0 from 0)
<end of output>
Test time =   1.58 sec
----------------------------------------------------------
Test Passed.
"Pivot.NoCopySameNodeCheck" end time: Oct 23 04:12 UTC
"Pivot.NoCopySameNodeCheck" time elapsed: 00:00:01
----------------------------------------------------------

14/50 Testing: Filter.EmptyList
14/50 Test: Filter.EmptyList
Command: "/usr/bin/valgrind" "--tool=memcheck" "--leak-check=yes" "--trace-children=no" "--error-exitcode=113" "/home/codio/workspace/hw3/hw3_tests/build/llrec_tests/llrec_tests" "--gtest_filter=Filter.EmptyList"
Directory: /home/codio/workspace/hw3/hw3_tests/build/llrec_tests
"Filter.EmptyList" start time: Oct 23 04:12 UTC
Output:
----------------------------------------------------------
==1498== Memcheck, a memory error detector
==1498== Copyright (C) 2002-2017, and GNU GPL'd, by Julian Seward et al.
==1498== Using Valgrind-3.13.0 and LibVEX; rerun with -h for copyright info
==1498== Command: /home/codio/workspace/hw3/hw3_tests/build/llrec_tests/llrec_tests --gtest_filter=Filter.EmptyList
==1498== 
Running main() from /home/codio/googletest/googletest/src/gtest_main.cc
Note: Google Test filter = Filter.EmptyList
[==========] Running 1 test from 1 test suite.
[----------] Global test environment set-up.
[----------] 1 test from Filter
[ RUN      ] Filter.EmptyList
[       OK ] Filter.EmptyList (24 ms)
[----------] 1 test from Filter (33 ms total)

[----------] Global test environment tear-down
[==========] 1 test from 1 test suite ran. (87 ms total)
[  PASSED  ] 1 test.
==1498== 
==1498== HEAP SUMMARY:
==1498==     in use at exit: 0 bytes in 0 blocks
==1498==   total heap usage: 410 allocs, 410 frees, 133,296 bytes allocated
==1498== 
==1498== All heap blocks were freed -- no leaks are possible
==1498== 
==1498== For counts of detected and suppressed errors, rerun with: -v
==1498== ERROR SUMMARY: 0 errors from 0 contexts (suppressed: 0 from 0)
<end of output>
Test time =   1.57 sec
----------------------------------------------------------
Test Passed.
"Filter.EmptyList" end time: Oct 23 04:12 UTC
"Filter.EmptyList" time elapsed: 00:00:01
----------------------------------------------------------

15/50 Testing: Filter.Size1_F
15/50 Test: Filter.Size1_F
Command: "/usr/bin/valgrind" "--tool=memcheck" "--leak-check=yes" "--trace-children=no" "--error-exitcode=113" "/home/codio/workspace/hw3/hw3_tests/build/llrec_tests/llrec_tests" "--gtest_filter=Filter.Size1_F"
Directory: /home/codio/workspace/hw3/hw3_tests/build/llrec_tests
"Filter.Size1_F" start time: Oct 23 04:12 UTC
Output:
----------------------------------------------------------
==1499== Memcheck, a memory error detector
==1499== Copyright (C) 2002-2017, and GNU GPL'd, by Julian Seward et al.
==1499== Using Valgrind-3.13.0 and LibVEX; rerun with -h for copyright info
==1499== Command: /home/codio/workspace/hw3/hw3_tests/build/llrec_tests/llrec_tests --gtest_filter=Filter.Size1_F
==1499== 
Running main() from /home/codio/googletest/googletest/src/gtest_main.cc
Note: Google Test filter = Filter.Size1_F
[==========] Running 1 test from 1 test suite.
[----------] Global test environment set-up.
[----------] 1 test from Filter
[ RUN      ] Filter.Size1_F
[       OK ] Filter.Size1_F (32 ms)
[----------] 1 test from Filter (42 ms total)

[----------] Global test environment tear-down
[==========] 1 test from 1 test suite ran. (97 ms total)
[  PASSED  ] 1 test.
==1499== 
==1499== HEAP SUMMARY:
==1499==     in use at exit: 0 bytes in 0 blocks
==1499==   total heap usage: 407 allocs, 407 frees, 133,164 bytes allocated
==1499== 
==1499== All heap blocks were freed -- no leaks are possible
==1499== 
==1499== For counts of detected and suppressed errors, rerun with: -v
==1499== ERROR SUMMARY: 0 errors from 0 contexts (suppressed: 0 from 0)
<end of output>
Test time =   1.60 sec
----------------------------------------------------------
Test Passed.
"Filter.Size1_F" end time: Oct 23 04:12 UTC
"Filter.Size1_F" time elapsed: 00:00:01
----------------------------------------------------------

16/50 Testing: Filter.Size1_nF
16/50 Test: Filter.Size1_nF
Command: "/usr/bin/valgrind" "--tool=memcheck" "--leak-check=yes" "--trace-children=no" "--error-exitcode=113" "/home/codio/workspace/hw3/hw3_tests/build/llrec_tests/llrec_tests" "--gtest_filter=Filter.Size1_nF"
Directory: /home/codio/workspace/hw3/hw3_tests/build/llrec_tests
"Filter.Size1_nF" start time: Oct 23 04:12 UTC
Output:
----------------------------------------------------------
==1500== Memcheck, a memory error detector
==1500== Copyright (C) 2002-2017, and GNU GPL'd, by Julian Seward et al.
==1500== Using Valgrind-3.13.0 and LibVEX; rerun with -h for copyright info
==1500== Command: /home/codio/workspace/hw3/hw3_tests/build/llrec_tests/llrec_tests --gtest_filter=Filter.Size1_nF
==1500== 
Running main() from /home/codio/googletest/googletest/src/gtest_main.cc
Note: Google Test filter = Filter.Size1_nF
[==========] Running 1 test from 1 test suite.
[----------] Global test environment set-up.
[----------] 1 test from Filter
[ RUN      ] Filter.Size1_nF
[       OK ] Filter.Size1_nF (33 ms)
[----------] 1 test from Filter (44 ms total)

[----------] Global test environment tear-down
[==========] 1 test from 1 test suite ran. (101 ms total)
[  PASSED  ] 1 test.
==1500== 
==1500== HEAP SUMMARY:
==1500==     in use at exit: 0 bytes in 0 blocks
==1500==   total heap usage: 408 allocs, 408 frees, 133,173 bytes allocated
==1500== 
==1500== All heap blocks were freed -- no leaks are possible
==1500== 
==1500== For counts of detected and suppressed errors, rerun with: -v
==1500== ERROR SUMMARY: 0 errors from 0 contexts (suppressed: 0 from 0)
<end of output>
Test time =   1.60 sec
----------------------------------------------------------
Test Passed.
"Filter.Size1_nF" end time: Oct 23 04:12 UTC
"Filter.Size1_nF" time elapsed: 00:00:01
----------------------------------------------------------

17/50 Testing: Filter.Size2_F_nF
17/50 Test: Filter.Size2_F_nF
Command: "/usr/bin/valgrind" "--tool=memcheck" "--leak-check=yes" "--trace-children=no" "--error-exitcode=113" "/home/codio/workspace/hw3/hw3_tests/build/llrec_tests/llrec_tests" "--gtest_filter=Filter.Size2_F_nF"
Directory: /home/codio/workspace/hw3/hw3_tests/build/llrec_tests
"Filter.Size2_F_nF" start time: Oct 23 04:12 UTC
Output:
----------------------------------------------------------
==1501== Memcheck, a memory error detector
==1501== Copyright (C) 2002-2017, and GNU GPL'd, by Julian Seward et al.
==1501== Using Valgrind-3.13.0 and LibVEX; rerun with -h for copyright info
==1501== Command: /home/codio/workspace/hw3/hw3_tests/build/llrec_tests/llrec_tests --gtest_filter=Filter.Size2_F_nF
==1501== 
Running main() from /home/codio/googletest/googletest/src/gtest_main.cc
Note: Google Test filter = Filter.Size2_F_nF
[==========] Running 1 test from 1 test suite.
[----------] Global test environment set-up.
[----------] 1 test from Filter
[ RUN      ] Filter.Size2_F_nF
[       OK ] Filter.Size2_F_nF (32 ms)
[----------] 1 test from Filter (42 ms total)

[----------] Global test environment tear-down
[==========] 1 test from 1 test suite ran. (96 ms total)
[  PASSED  ] 1 test.
==1501== 
==1501== HEAP SUMMARY:
==1501==     in use at exit: 0 bytes in 0 blocks
==1501==   total heap usage: 415 allocs, 415 frees, 133,358 bytes allocated
==1501== 
==1501== All heap blocks were freed -- no leaks are possible
==1501== 
==1501== For counts of detected and suppressed errors, rerun with: -v
==1501== ERROR SUMMARY: 0 errors from 0 contexts (suppressed: 0 from 0)
<end of output>
Test time =   1.59 sec
----------------------------------------------------------
Test Passed.
"Filter.Size2_F_nF" end time: Oct 23 04:12 UTC
"Filter.Size2_F_nF" time elapsed: 00:00:01
----------------------------------------------------------

18/50 Testing: Filter.Size2_nF_F
18/50 Test: Filter.Size2_nF_F
Command: "/usr/bin/valgrind" "--tool=memcheck" "--leak-check=yes" "--trace-children=no" "--error-exitcode=113" "/home/codio/workspace/hw3/hw3_tests/build/llrec_tests/llrec_tests" "--gtest_filter=Filter.Size2_nF_F"
Directory: /home/codio/workspace/hw3/hw3_tests/build/llrec_tests
"Filter.Size2_nF_F" start time: Oct 23 04:12 UTC
Output:
----------------------------------------------------------
==1502== Memcheck, a memory error detector
==1502== Copyright (C) 2002-2017, and GNU GPL'd, by Julian Seward et al.
==1502== Using Valgrind-3.13.0 and LibVEX; rerun with -h for copyright info
==1502== Command: /home/codio/workspace/hw3/hw3_tests/build/llrec_tests/llrec_tests --gtest_filter=Filter.Size2_nF_F
==1502== 
Running main() from /home/codio/googletest/googletest/src/gtest_main.cc
Note: Google Test filter = Filter.Size2_nF_F
[==========] Running 1 test from 1 test suite.
[----------] Global test environment set-up.
[----------] 1 test from Filter
[ RUN      ] Filter.Size2_nF_F
[       OK ] Filter.Size2_nF_F (31 ms)
[----------] 1 test from Filter (41 ms total)

[----------] Global test environment tear-down
[==========] 1 test from 1 test suite ran. (94 ms total)
[  PASSED  ] 1 test.
==1502== 
==1502== HEAP SUMMARY:
==1502==     in use at exit: 0 bytes in 0 blocks
==1502==   total heap usage: 414 allocs, 414 frees, 133,350 bytes allocated
==1502== 
==1502== All heap blocks were freed -- no leaks are possible
==1502== 
==1502== For counts of detected and suppressed errors, rerun with: -v
==1502== ERROR SUMMARY: 0 errors from 0 contexts (suppressed: 0 from 0)
<end of output>
Test time =   1.58 sec
----------------------------------------------------------
Test Passed.
"Filter.Size2_nF_F" end time: Oct 23 04:12 UTC
"Filter.Size2_nF_F" time elapsed: 00:00:01
----------------------------------------------------------

19/50 Testing: Filter.Size3_nF_F_nF
19/50 Test: Filter.Size3_nF_F_nF
Command: "/usr/bin/valgrind" "--tool=memcheck" "--leak-check=yes" "--trace-children=no" "--error-exitcode=113" "/home/codio/workspace/hw3/hw3_tests/build/llrec_tests/llrec_tests" "--gtest_filter=Filter.Size3_nF_F_nF"
Directory: /home/codio/workspace/hw3/hw3_tests/build/llrec_tests
"Filter.Size3_nF_F_nF" start time: Oct 23 04:12 UTC
Output:
----------------------------------------------------------
==1503== Memcheck, a memory error detector
==1503== Copyright (C) 2002-2017, and GNU GPL'd, by Julian Seward et al.
==1503== Using Valgrind-3.13.0 and LibVEX; rerun with -h for copyright info
==1503== Command: /home/codio/workspace/hw3/hw3_tests/build/llrec_tests/llrec_tests --gtest_filter=Filter.Size3_nF_F_nF
==1503== 
Running main() from /home/codio/googletest/googletest/src/gtest_main.cc
Note: Google Test filter = Filter.Size3_nF_F_nF
[==========] Running 1 test from 1 test suite.
[----------] Global test environment set-up.
[----------] 1 test from Filter
[ RUN      ] Filter.Size3_nF_F_nF
[       OK ] Filter.Size3_nF_F_nF (31 ms)
[----------] 1 test from Filter (41 ms total)

[----------] Global test environment tear-down
[==========] 1 test from 1 test suite ran. (95 ms total)
[  PASSED  ] 1 test.
==1503== 
==1503== HEAP SUMMARY:
==1503==     in use at exit: 0 bytes in 0 blocks
==1503==   total heap usage: 415 allocs, 415 frees, 133,404 bytes allocated
==1503== 
==1503== All heap blocks were freed -- no leaks are possible
==1503== 
==1503== For counts of detected and suppressed errors, rerun with: -v
==1503== ERROR SUMMARY: 0 errors from 0 contexts (suppressed: 0 from 0)
<end of output>
Test time =   1.57 sec
----------------------------------------------------------
Test Passed.
"Filter.Size3_nF_F_nF" end time: Oct 23 04:12 UTC
"Filter.Size3_nF_F_nF" time elapsed: 00:00:01
----------------------------------------------------------

20/50 Testing: Filter.Size3_F_nF_F
20/50 Test: Filter.Size3_F_nF_F
Command: "/usr/bin/valgrind" "--tool=memcheck" "--leak-check=yes" "--trace-children=no" "--error-exitcode=113" "/home/codio/workspace/hw3/hw3_tests/build/llrec_tests/llrec_tests" "--gtest_filter=Filter.Size3_F_nF_F"
Directory: /home/codio/workspace/hw3/hw3_tests/build/llrec_tests
"Filter.Size3_F_nF_F" start time: Oct 23 04:12 UTC
Output:
----------------------------------------------------------
==1504== Memcheck, a memory error detector
==1504== Copyright (C) 2002-2017, and GNU GPL'd, by Julian Seward et al.
==1504== Using Valgrind-3.13.0 and LibVEX; rerun with -h for copyright info
==1504== Command: /home/codio/workspace/hw3/hw3_tests/build/llrec_tests/llrec_tests --gtest_filter=Filter.Size3_F_nF_F
==1504== 
Running main() from /home/codio/googletest/googletest/src/gtest_main.cc
Note: Google Test filter = Filter.Size3_F_nF_F
[==========] Running 1 test from 1 test suite.
[----------] Global test environment set-up.
[----------] 1 test from Filter
[ RUN      ] Filter.Size3_F_nF_F
[       OK ] Filter.Size3_F_nF_F (32 ms)
[----------] 1 test from Filter (42 ms total)

[----------] Global test environment tear-down
[==========] 1 test from 1 test suite ran. (96 ms total)
[  PASSED  ] 1 test.
==1504== 
==1504== HEAP SUMMARY:
==1504==     in use at exit: 0 bytes in 0 blocks
==1504==   total heap usage: 415 allocs, 415 frees, 133,390 bytes allocated
==1504== 
==1504== All heap blocks were freed -- no leaks are possible
==1504== 
==1504== For counts of detected and suppressed errors, rerun with: -v
==1504== ERROR SUMMARY: 0 errors from 0 contexts (suppressed: 0 from 0)
<end of output>
Test time =   1.59 sec
----------------------------------------------------------
Test Passed.
"Filter.Size3_F_nF_F" end time: Oct 23 04:12 UTC
"Filter.Size3_F_nF_F" time elapsed: 00:00:01
----------------------------------------------------------

21/50 Testing: Filter.SameNodeCheck
21/50 Test: Filter.SameNodeCheck
Command: "/usr/bin/valgrind" "--tool=memcheck" "--leak-check=yes" "--trace-children=no" "--error-exitcode=113" "/home/codio/workspace/hw3/hw3_tests/build/llrec_tests/llrec_tests" "--gtest_filter=Filter.SameNodeCheck"
Directory: /home/codio/workspace/hw3/hw3_tests/build/llrec_tests
"Filter.SameNodeCheck" start time: Oct 23 04:12 UTC
Output:
----------------------------------------------------------
==1505== Memcheck, a memory error detector
==1505== Copyright (C) 2002-2017, and GNU GPL'd, by Julian Seward et al.
==1505== Using Valgrind-3.13.0 and LibVEX; rerun with -h for copyright info
==1505== Command: /home/codio/workspace/hw3/hw3_tests/build/llrec_tests/llrec_tests --gtest_filter=Filter.SameNodeCheck
==1505== 
Running main() from /home/codio/googletest/googletest/src/gtest_main.cc
Note: Google Test filter = Filter.SameNodeCheck
[==========] Running 1 test from 1 test suite.
[----------] Global test environment set-up.
[----------] 1 test from Filter
[ RUN      ] Filter.SameNodeCheck
[       OK ] Filter.SameNodeCheck (47 ms)
[----------] 1 test from Filter (56 ms total)

[----------] Global test environment tear-down
[==========] 1 test from 1 test suite ran. (110 ms total)
[  PASSED  ] 1 test.
==1505== 
==1505== HEAP SUMMARY:
==1505==     in use at exit: 0 bytes in 0 blocks
==1505==   total heap usage: 420 allocs, 420 frees, 133,500 bytes allocated
==1505== 
==1505== All heap blocks were freed -- no leaks are possible
==1505== 
==1505== For counts of detected and suppressed errors, rerun with: -v
==1505== ERROR SUMMARY: 0 errors from 0 contexts (suppressed: 0 from 0)
<end of output>
Test time =   1.58 sec
----------------------------------------------------------
Test Passed.
"Filter.SameNodeCheck" end time: Oct 23 04:12 UTC
"Filter.SameNodeCheck" time elapsed: 00:00:01
----------------------------------------------------------

22/50 Testing: Filter.MultipleCalls
22/50 Test: Filter.MultipleCalls
Command: "/usr/bin/valgrind" "--tool=memcheck" "--leak-check=yes" "--trace-children=no" "--error-exitcode=113" "/home/codio/workspace/hw3/hw3_tests/build/llrec_tests/llrec_tests" "--gtest_filter=Filter.MultipleCalls"
Directory: /home/codio/workspace/hw3/hw3_tests/build/llrec_tests
"Filter.MultipleCalls" start time: Oct 23 04:12 UTC
Output:
----------------------------------------------------------
==1506== Memcheck, a memory error detector
==1506== Copyright (C) 2002-2017, and GNU GPL'd, by Julian Seward et al.
==1506== Using Valgrind-3.13.0 and LibVEX; rerun with -h for copyright info
==1506== Command: /home/codio/workspace/hw3/hw3_tests/build/llrec_tests/llrec_tests --gtest_filter=Filter.MultipleCalls
==1506== 
Running main() from /home/codio/googletest/googletest/src/gtest_main.cc
Note: Google Test filter = Filter.MultipleCalls
[==========] Running 1 test from 1 test suite.
[----------] Global test environment set-up.
[----------] 1 test from Filter
[ RUN      ] Filter.MultipleCalls
[       OK ] Filter.MultipleCalls (33 ms)
[----------] 1 test from Filter (43 ms total)

[----------] Global test environment tear-down
[==========] 1 test from 1 test suite ran. (96 ms total)
[  PASSED  ] 1 test.
==1506== 
==1506== HEAP SUMMARY:
==1506==     in use at exit: 0 bytes in 0 blocks
==1506==   total heap usage: 420 allocs, 420 frees, 133,500 bytes allocated
==1506== 
==1506== All heap blocks were freed -- no leaks are possible
==1506== 
==1506== For counts of detected and suppressed errors, rerun with: -v
==1506== ERROR SUMMARY: 0 errors from 0 contexts (suppressed: 0 from 0)
<end of output>
Test time =   1.58 sec
----------------------------------------------------------
Test Passed.
"Filter.MultipleCalls" end time: Oct 23 04:12 UTC
"Filter.MultipleCalls" time elapsed: 00:00:01
----------------------------------------------------------

23/50 Testing: Filter.CompareWithLlrec
23/50 Test: Filter.CompareWithLlrec
Command: "/usr/bin/valgrind" "--tool=memcheck" "--leak-check=yes" "--trace-children=no" "--error-exitcode=113" "/home/codio/workspace/hw3/hw3_tests/build/llrec_tests/llrec_tests" "--gtest_filter=Filter.CompareWithLlrec"
Directory: /home/codio/workspace/hw3/hw3_tests/build/llrec_tests
"Filter.CompareWithLlrec" start time: Oct 23 04:12 UTC
Output:
----------------------------------------------------------
==1507== Memcheck, a memory error detector
==1507== Copyright (C) 2002-2017, and GNU GPL'd, by Julian Seward et al.
==1507== Using Valgrind-3.13.0 and LibVEX; rerun with -h for copyright info
==1507== Command: /home/codio/workspace/hw3/hw3_tests/build/llrec_tests/llrec_tests --gtest_filter=Filter.CompareWithLlrec
==1507== 
Running main() from /home/codio/googletest/googletest/src/gtest_main.cc
Note: Google Test filter = Filter.CompareWithLlrec
[==========] Running 1 test from 1 test suite.
[----------] Global test environment set-up.
[----------] 1 test from Filter
[ RUN      ] Filter.CompareWithLlrec
[       OK ] Filter.CompareWithLlrec (43 ms)
[----------] 1 test from Filter (53 ms total)

[----------] Global test environment tear-down
[==========] 1 test from 1 test suite ran. (106 ms total)
[  PASSED  ] 1 test.
==1507== 
==1507== HEAP SUMMARY:
==1507==     in use at exit: 0 bytes in 0 blocks
==1507==   total heap usage: 430 allocs, 430 frees, 133,654 bytes allocated
==1507== 
==1507== All heap blocks were freed -- no leaks are possible
==1507== 
==1507== For counts of detected and suppressed errors, rerun with: -v
==1507== ERROR SUMMARY: 0 errors from 0 contexts (suppressed: 0 from 0)
<end of output>
Test time =   1.57 sec
----------------------------------------------------------
Test Passed.
"Filter.CompareWithLlrec" end time: Oct 23 04:12 UTC
"Filter.CompareWithLlrec" time elapsed: 00:00:01
----------------------------------------------------------

24/50 Testing: Stack.BasicString
24/50 Test: Stack.BasicString
Command: "/usr/bin/valgrind" "--tool=memcheck" "--leak-check=yes" "--trace-children=no" "--error-exitcode=113" "/home/codio/workspace/hw3/hw3_tests/build/stack_tests/stack_tests" "--gtest_filter=Stack.BasicString"
Directory: /home/codio/workspace/hw3/hw3_tests/build/stack_tests
"Stack.BasicString" start time: Oct 23 04:12 UTC
Output:
----------------------------------------------------------
==1508== Memcheck, a memory error detector
==1508== Copyright (C) 2002-2017, and GNU GPL'd, by Julian Seward et al.
==1508== Using Valgrind-3.13.0 and LibVEX; rerun with -h for copyright info
==1508== Command: /home/codio/workspace/hw3/hw3_tests/build/stack_tests/stack_tests --gtest_filter=Stack.BasicString
==1508== 
Running main() from /home/codio/googletest/googletest/src/gtest_main.cc
Note: Google Test filter = Stack.BasicString
[==========] Running 1 test from 1 test suite.
[----------] Global test environment set-up.
[----------] 1 test from Stack
[ RUN      ] Stack.BasicString
[       OK ] Stack.BasicString (96 ms)
[----------] 1 test from Stack (106 ms total)

[----------] Global test environment tear-down
[==========] 1 test from 1 test suite ran. (160 ms total)
[  PASSED  ] 1 test.
==1508== 
==1508== HEAP SUMMARY:
==1508==     in use at exit: 0 bytes in 0 blocks
==1508==   total heap usage: 230 allocs, 230 frees, 120,642 bytes allocated
==1508== 
==1508== All heap blocks were freed -- no leaks are possible
==1508== 
==1508== For counts of detected and suppressed errors, rerun with: -v
==1508== ERROR SUMMARY: 0 errors from 0 contexts (suppressed: 0 from 0)
<end of output>
Test time =   1.62 sec
----------------------------------------------------------
Test Passed.
"Stack.BasicString" end time: Oct 23 04:12 UTC
"Stack.BasicString" time elapsed: 00:00:01
----------------------------------------------------------

25/50 Testing: Stack.RandomInt
25/50 Test: Stack.RandomInt
Command: "/usr/bin/valgrind" "--tool=memcheck" "--leak-check=yes" "--trace-children=no" "--error-exitcode=113" "/home/codio/workspace/hw3/hw3_tests/build/stack_tests/stack_tests" "--gtest_filter=Stack.RandomInt"
Directory: /home/codio/workspace/hw3/hw3_tests/build/stack_tests
"Stack.RandomInt" start time: Oct 23 04:12 UTC
Output:
----------------------------------------------------------
==1509== Memcheck, a memory error detector
==1509== Copyright (C) 2002-2017, and GNU GPL'd, by Julian Seward et al.
==1509== Using Valgrind-3.13.0 and LibVEX; rerun with -h for copyright info
==1509== Command: /home/codio/workspace/hw3/hw3_tests/build/stack_tests/stack_tests --gtest_filter=Stack.RandomInt
==1509== 
Running main() from /home/codio/googletest/googletest/src/gtest_main.cc
Note: Google Test filter = Stack.RandomInt
[==========] Running 1 test from 1 test suite.
[----------] Global test environment set-up.
[----------] 1 test from Stack
[ RUN      ] Stack.RandomInt
[       OK ] Stack.RandomInt (1646 ms)
[----------] 1 test from Stack (1655 ms total)

[----------] Global test environment tear-down
[==========] 1 test from 1 test suite ran. (1708 ms total)
[  PASSED  ] 1 test.
==1509== 
==1509== HEAP SUMMARY:
==1509==     in use at exit: 0 bytes in 0 blocks
==1509==   total heap usage: 21,262 allocs, 21,262 frees, 1,081,475 bytes allocated
==1509== 
==1509== All heap blocks were freed -- no leaks are possible
==1509== 
==1509== For counts of detected and suppressed errors, rerun with: -v
==1509== ERROR SUMMARY: 0 errors from 0 contexts (suppressed: 0 from 0)
<end of output>
Test time =   3.17 sec
----------------------------------------------------------
Test Passed.
"Stack.RandomInt" end time: Oct 23 04:12 UTC
"Stack.RandomInt" time elapsed: 00:00:03
----------------------------------------------------------

26/50 Testing: HeapTest.ConstructionDestruction
26/50 Test: HeapTest.ConstructionDestruction
Command: "/usr/bin/valgrind" "--tool=memcheck" "--leak-check=yes" "--trace-children=no" "--error-exitcode=113" "/home/codio/workspace/hw3/hw3_tests/build/heap_tests/heap_tests" "--gtest_filter=HeapTest.ConstructionDestruction"
Directory: /home/codio/workspace/hw3/hw3_tests/build/heap_tests
"HeapTest.ConstructionDestruction" start time: Oct 23 04:12 UTC
Output:
----------------------------------------------------------
==1510== Memcheck, a memory error detector
==1510== Copyright (C) 2002-2017, and GNU GPL'd, by Julian Seward et al.
==1510== Using Valgrind-3.13.0 and LibVEX; rerun with -h for copyright info
==1510== Command: /home/codio/workspace/hw3/hw3_tests/build/heap_tests/heap_tests --gtest_filter=HeapTest.ConstructionDestruction
==1510== 
Running main() from /home/codio/googletest/googletest/src/gtest_main.cc
Note: Google Test filter = HeapTest.ConstructionDestruction
[==========] Running 1 test from 1 test suite.
[----------] Global test environment set-up.
[----------] 1 test from HeapTest
[ RUN      ] HeapTest.ConstructionDestruction
[       OK ] HeapTest.ConstructionDestruction (18 ms)
[----------] 1 test from HeapTest (28 ms total)

[----------] Global test environment tear-down
[==========] 1 test from 1 test suite ran. (83 ms total)
[  PASSED  ] 1 test.
==1510== 
==1510== HEAP SUMMARY:
==1510==     in use at exit: 0 bytes in 0 blocks
==1510==   total heap usage: 468 allocs, 468 frees, 135,835 bytes allocated
==1510== 
==1510== All heap blocks were freed -- no leaks are possible
==1510== 
==1510== For counts of detected and suppressed errors, rerun with: -v
==1510== ERROR SUMMARY: 0 errors from 0 contexts (suppressed: 0 from 0)
<end of output>
Test time =   1.62 sec
----------------------------------------------------------
Test Passed.
"HeapTest.ConstructionDestruction" end time: Oct 23 04:12 UTC
"HeapTest.ConstructionDestruction" time elapsed: 00:00:01
----------------------------------------------------------

27/50 Testing: HeapTest.InitiallyEmpty
27/50 Test: HeapTest.InitiallyEmpty
Command: "/usr/bin/valgrind" "--tool=memcheck" "--leak-check=yes" "--trace-children=no" "--error-exitcode=113" "/home/codio/workspace/hw3/hw3_tests/build/heap_tests/heap_tests" "--gtest_filter=HeapTest.InitiallyEmpty"
Directory: /home/codio/workspace/hw3/hw3_tests/build/heap_tests
"HeapTest.InitiallyEmpty" start time: Oct 23 04:12 UTC
Output:
----------------------------------------------------------
==1511== Memcheck, a memory error detector
==1511== Copyright (C) 2002-2017, and GNU GPL'd, by Julian Seward et al.
==1511== Using Valgrind-3.13.0 and LibVEX; rerun with -h for copyright info
==1511== Command: /home/codio/workspace/hw3/hw3_tests/build/heap_tests/heap_tests --gtest_filter=HeapTest.InitiallyEmpty
==1511== 
Running main() from /home/codio/googletest/googletest/src/gtest_main.cc
Note: Google Test filter = HeapTest.InitiallyEmpty
[==========] Running 1 test from 1 test suite.
[----------] Global test environment set-up.
[----------] 1 test from HeapTest
[ RUN      ] HeapTest.InitiallyEmpty
[       OK ] HeapTest.InitiallyEmpty (20 ms)
[----------] 1 test from HeapTest (30 ms total)

[----------] Global test environment tear-down
[==========] 1 test from 1 test suite ran. (83 ms total)
[  PASSED  ] 1 test.
==1511== 
==1511== HEAP SUMMARY:
==1511==     in use at exit: 0 bytes in 0 blocks
==1511==   total heap usage: 468 allocs, 468 frees, 135,739 bytes allocated
==1511== 
==1511== All heap blocks were freed -- no leaks are possible
==1511== 
==1511== For counts of detected and suppressed errors, rerun with: -v
==1511== ERROR SUMMARY: 0 errors from 0 contexts (suppressed: 0 from 0)
<end of output>
Test time =   1.59 sec
----------------------------------------------------------
Test Passed.
"HeapTest.InitiallyEmpty" end time: Oct 23 04:12 UTC
"HeapTest.InitiallyEmpty" time elapsed: 00:00:01
----------------------------------------------------------

28/50 Testing: HeapTest.EmptyTopException
28/50 Test: HeapTest.EmptyTopException
Command: "/usr/bin/valgrind" "--tool=memcheck" "--leak-check=yes" "--trace-children=no" "--error-exitcode=113" "/home/codio/workspace/hw3/hw3_tests/build/heap_tests/heap_tests" "--gtest_filter=HeapTest.EmptyTopException"
Directory: /home/codio/workspace/hw3/hw3_tests/build/heap_tests
"HeapTest.EmptyTopException" start time: Oct 23 04:12 UTC
Output:
----------------------------------------------------------
==1512== Memcheck, a memory error detector
==1512== Copyright (C) 2002-2017, and GNU GPL'd, by Julian Seward et al.
==1512== Using Valgrind-3.13.0 and LibVEX; rerun with -h for copyright info
==1512== Command: /home/codio/workspace/hw3/hw3_tests/build/heap_tests/heap_tests --gtest_filter=HeapTest.EmptyTopException
==1512== 
Running main() from /home/codio/googletest/googletest/src/gtest_main.cc
Note: Google Test filter = HeapTest.EmptyTopException
[==========] Running 1 test from 1 test suite.
[----------] Global test environment set-up.
[----------] 1 test from HeapTest
[ RUN      ] HeapTest.EmptyTopException
[       OK ] HeapTest.EmptyTopException (62 ms)
[----------] 1 test from HeapTest (71 ms total)

[----------] Global test environment tear-down
[==========] 1 test from 1 test suite ran. (124 ms total)
[  PASSED  ] 1 test.
==1512== 
==1512== HEAP SUMMARY:
==1512==     in use at exit: 0 bytes in 0 blocks
==1512==   total heap usage: 470 allocs, 470 frees, 135,951 bytes allocated
==1512== 
==1512== All heap blocks were freed -- no leaks are possible
==1512== 
==1512== For counts of detected and suppressed errors, rerun with: -v
==1512== ERROR SUMMARY: 0 errors from 0 contexts (suppressed: 0 from 0)
<end of output>
Test time =   1.63 sec
----------------------------------------------------------
Test Passed.
"HeapTest.EmptyTopException" end time: Oct 23 04:12 UTC
"HeapTest.EmptyTopException" time elapsed: 00:00:01
----------------------------------------------------------

29/50 Testing: HeapTest.EmptyPopException
29/50 Test: HeapTest.EmptyPopException
Command: "/usr/bin/valgrind" "--tool=memcheck" "--leak-check=yes" "--trace-children=no" "--error-exitcode=113" "/home/codio/workspace/hw3/hw3_tests/build/heap_tests/heap_tests" "--gtest_filter=HeapTest.EmptyPopException"
Directory: /home/codio/workspace/hw3/hw3_tests/build/heap_tests
"HeapTest.EmptyPopException" start time: Oct 23 04:12 UTC
Output:
----------------------------------------------------------
==1513== Memcheck, a memory error detector
==1513== Copyright (C) 2002-2017, and GNU GPL'd, by Julian Seward et al.
==1513== Using Valgrind-3.13.0 and LibVEX; rerun with -h for copyright info
==1513== Command: /home/codio/workspace/hw3/hw3_tests/build/heap_tests/heap_tests --gtest_filter=HeapTest.EmptyPopException
==1513== 
Running main() from /home/codio/googletest/googletest/src/gtest_main.cc
Note: Google Test filter = HeapTest.EmptyPopException
[==========] Running 1 test from 1 test suite.
[----------] Global test environment set-up.
[----------] 1 test from HeapTest
[ RUN      ] HeapTest.EmptyPopException
[       OK ] HeapTest.EmptyPopException (62 ms)
[----------] 1 test from HeapTest (71 ms total)

[----------] Global test environment tear-down
[==========] 1 test from 1 test suite ran. (126 ms total)
[  PASSED  ] 1 test.
==1513== 
==1513== HEAP SUMMARY:
==1513==     in use at exit: 0 bytes in 0 blocks
==1513==   total heap usage: 470 allocs, 470 frees, 135,951 bytes allocated
==1513== 
==1513== All heap blocks were freed -- no leaks are possible
==1513== 
==1513== For counts of detected and suppressed errors, rerun with: -v
==1513== ERROR SUMMARY: 0 errors from 0 contexts (suppressed: 0 from 0)
<end of output>
Test time =   1.60 sec
----------------------------------------------------------
Test Passed.
"HeapTest.EmptyPopException" end time: Oct 23 04:12 UTC
"HeapTest.EmptyPopException" time elapsed: 00:00:01
----------------------------------------------------------

30/50 Testing: HeapTest.SingleItemNonempty
30/50 Test: HeapTest.SingleItemNonempty
Command: "/usr/bin/valgrind" "--tool=memcheck" "--leak-check=yes" "--trace-children=no" "--error-exitcode=113" "/home/codio/workspace/hw3/hw3_tests/build/heap_tests/heap_tests" "--gtest_filter=HeapTest.SingleItemNonempty"
Directory: /home/codio/workspace/hw3/hw3_tests/build/heap_tests
"HeapTest.SingleItemNonempty" start time: Oct 23 04:12 UTC
Output:
----------------------------------------------------------
==1514== Memcheck, a memory error detector
==1514== Copyright (C) 2002-2017, and GNU GPL'd, by Julian Seward et al.
==1514== Using Valgrind-3.13.0 and LibVEX; rerun with -h for copyright info
==1514== Command: /home/codio/workspace/hw3/hw3_tests/build/heap_tests/heap_tests --gtest_filter=HeapTest.SingleItemNonempty
==1514== 
Running main() from /home/codio/googletest/googletest/src/gtest_main.cc
Note: Google Test filter = HeapTest.SingleItemNonempty
[==========] Running 1 test from 1 test suite.
[----------] Global test environment set-up.
[----------] 1 test from HeapTest
[ RUN      ] HeapTest.SingleItemNonempty
[       OK ] HeapTest.SingleItemNonempty (25 ms)
[----------] 1 test from HeapTest (34 ms total)

[----------] Global test environment tear-down
[==========] 1 test from 1 test suite ran. (88 ms total)
[  PASSED  ] 1 test.
==1514== 
==1514== HEAP SUMMARY:
==1514==     in use at exit: 0 bytes in 0 blocks
==1514==   total heap usage: 469 allocs, 469 frees, 135,783 bytes allocated
==1514== 
==1514== All heap blocks were freed -- no leaks are possible
==1514== 
==1514== For counts of detected and suppressed errors, rerun with: -v
==1514== ERROR SUMMARY: 0 errors from 0 contexts (suppressed: 0 from 0)
<end of output>
Test time =   1.58 sec
----------------------------------------------------------
Test Passed.
"HeapTest.SingleItemNonempty" end time: Oct 23 04:12 UTC
"HeapTest.SingleItemNonempty" time elapsed: 00:00:01
----------------------------------------------------------

31/50 Testing: HeapTest.SingleItemPush
31/50 Test: HeapTest.SingleItemPush
Command: "/usr/bin/valgrind" "--tool=memcheck" "--leak-check=yes" "--trace-children=no" "--error-exitcode=113" "/home/codio/workspace/hw3/hw3_tests/build/heap_tests/heap_tests" "--gtest_filter=HeapTest.SingleItemPush"
Directory: /home/codio/workspace/hw3/hw3_tests/build/heap_tests
"HeapTest.SingleItemPush" start time: Oct 23 04:12 UTC
Output:
----------------------------------------------------------
==1515== Memcheck, a memory error detector
==1515== Copyright (C) 2002-2017, and GNU GPL'd, by Julian Seward et al.
==1515== Using Valgrind-3.13.0 and LibVEX; rerun with -h for copyright info
==1515== Command: /home/codio/workspace/hw3/hw3_tests/build/heap_tests/heap_tests --gtest_filter=HeapTest.SingleItemPush
==1515== 
Running main() from /home/codio/googletest/googletest/src/gtest_main.cc
Note: Google Test filter = HeapTest.SingleItemPush
[==========] Running 1 test from 1 test suite.
[----------] Global test environment set-up.
[----------] 1 test from HeapTest
[ RUN      ] HeapTest.SingleItemPush
[       OK ] HeapTest.SingleItemPush (28 ms)
[----------] 1 test from HeapTest (37 ms total)

[----------] Global test environment tear-down
[==========] 1 test from 1 test suite ran. (91 ms total)
[  PASSED  ] 1 test.
==1515== 
==1515== HEAP SUMMARY:
==1515==     in use at exit: 0 bytes in 0 blocks
==1515==   total heap usage: 469 allocs, 469 frees, 135,743 bytes allocated
==1515== 
==1515== All heap blocks were freed -- no leaks are possible
==1515== 
==1515== For counts of detected and suppressed errors, rerun with: -v
==1515== ERROR SUMMARY: 0 errors from 0 contexts (suppressed: 0 from 0)
<end of output>
Test time =   1.57 sec
----------------------------------------------------------
Test Passed.
"HeapTest.SingleItemPush" end time: Oct 23 04:13 UTC
"HeapTest.SingleItemPush" time elapsed: 00:00:01
----------------------------------------------------------

32/50 Testing: HeapTest.SingleItemPushPop
32/50 Test: HeapTest.SingleItemPushPop
Command: "/usr/bin/valgrind" "--tool=memcheck" "--leak-check=yes" "--trace-children=no" "--error-exitcode=113" "/home/codio/workspace/hw3/hw3_tests/build/heap_tests/heap_tests" "--gtest_filter=HeapTest.SingleItemPushPop"
Directory: /home/codio/workspace/hw3/hw3_tests/build/heap_tests
"HeapTest.SingleItemPushPop" start time: Oct 23 04:13 UTC
Output:
----------------------------------------------------------
==1516== Memcheck, a memory error detector
==1516== Copyright (C) 2002-2017, and GNU GPL'd, by Julian Seward et al.
==1516== Using Valgrind-3.13.0 and LibVEX; rerun with -h for copyright info
==1516== Command: /home/codio/workspace/hw3/hw3_tests/build/heap_tests/heap_tests --gtest_filter=HeapTest.SingleItemPushPop
==1516== 
Running main() from /home/codio/googletest/googletest/src/gtest_main.cc
Note: Google Test filter = HeapTest.SingleItemPushPop
[==========] Running 1 test from 1 test suite.
[----------] Global test environment set-up.
[----------] 1 test from HeapTest
[ RUN      ] HeapTest.SingleItemPushPop
[       OK ] HeapTest.SingleItemPushPop (27 ms)
[----------] 1 test from HeapTest (37 ms total)

[----------] Global test environment tear-down
[==========] 1 test from 1 test suite ran. (90 ms total)
[  PASSED  ] 1 test.
==1516== 
==1516== HEAP SUMMARY:
==1516==     in use at exit: 0 bytes in 0 blocks
==1516==   total heap usage: 469 allocs, 469 frees, 135,773 bytes allocated
==1516== 
==1516== All heap blocks were freed -- no leaks are possible
==1516== 
==1516== For counts of detected and suppressed errors, rerun with: -v
==1516== ERROR SUMMARY: 0 errors from 0 contexts (suppressed: 0 from 0)
<end of output>
Test time =   1.65 sec
----------------------------------------------------------
Test Passed.
"HeapTest.SingleItemPushPop" end time: Oct 23 04:13 UTC
"HeapTest.SingleItemPushPop" time elapsed: 00:00:01
----------------------------------------------------------

33/50 Testing: HeapTest.TwoElementPush_LowPriFirst
33/50 Test: HeapTest.TwoElementPush_LowPriFirst
Command: "/usr/bin/valgrind" "--tool=memcheck" "--leak-check=yes" "--trace-children=no" "--error-exitcode=113" "/home/codio/workspace/hw3/hw3_tests/build/heap_tests/heap_tests" "--gtest_filter=HeapTest.TwoElementPush_LowPriFirst"
Directory: /home/codio/workspace/hw3/hw3_tests/build/heap_tests
"HeapTest.TwoElementPush_LowPriFirst" start time: Oct 23 04:13 UTC
Output:
----------------------------------------------------------
==1517== Memcheck, a memory error detector
==1517== Copyright (C) 2002-2017, and GNU GPL'd, by Julian Seward et al.
==1517== Using Valgrind-3.13.0 and LibVEX; rerun with -h for copyright info
==1517== Command: /home/codio/workspace/hw3/hw3_tests/build/heap_tests/heap_tests --gtest_filter=HeapTest.TwoElementPush_LowPriFirst
==1517== 
Running main() from /home/codio/googletest/googletest/src/gtest_main.cc
Note: Google Test filter = HeapTest.TwoElementPush_LowPriFirst
[==========] Running 1 test from 1 test suite.
[----------] Global test environment set-up.
[----------] 1 test from HeapTest
[ RUN      ] HeapTest.TwoElementPush_LowPriFirst
[       OK ] HeapTest.TwoElementPush_LowPriFirst (33 ms)
[----------] 1 test from HeapTest (43 ms total)

[----------] Global test environment tear-down
[==========] 1 test from 1 test suite ran. (97 ms total)
[  PASSED  ] 1 test.
==1517== 
==1517== HEAP SUMMARY:
==1517==     in use at exit: 0 bytes in 0 blocks
==1517==   total heap usage: 470 allocs, 470 frees, 135,886 bytes allocated
==1517== 
==1517== All heap blocks were freed -- no leaks are possible
==1517== 
==1517== For counts of detected and suppressed errors, rerun with: -v
==1517== ERROR SUMMARY: 0 errors from 0 contexts (suppressed: 0 from 0)
<end of output>
Test time =   1.58 sec
----------------------------------------------------------
Test Passed.
"HeapTest.TwoElementPush_LowPriFirst" end time: Oct 23 04:13 UTC
"HeapTest.TwoElementPush_LowPriFirst" time elapsed: 00:00:01
----------------------------------------------------------

34/50 Testing: HeapTest.TwoElementPush_HighPriFirst
34/50 Test: HeapTest.TwoElementPush_HighPriFirst
Command: "/usr/bin/valgrind" "--tool=memcheck" "--leak-check=yes" "--trace-children=no" "--error-exitcode=113" "/home/codio/workspace/hw3/hw3_tests/build/heap_tests/heap_tests" "--gtest_filter=HeapTest.TwoElementPush_HighPriFirst"
Directory: /home/codio/workspace/hw3/hw3_tests/build/heap_tests
"HeapTest.TwoElementPush_HighPriFirst" start time: Oct 23 04:13 UTC
Output:
----------------------------------------------------------
==1518== Memcheck, a memory error detector
==1518== Copyright (C) 2002-2017, and GNU GPL'd, by Julian Seward et al.
==1518== Using Valgrind-3.13.0 and LibVEX; rerun with -h for copyright info
==1518== Command: /home/codio/workspace/hw3/hw3_tests/build/heap_tests/heap_tests --gtest_filter=HeapTest.TwoElementPush_HighPriFirst
==1518== 
Running main() from /home/codio/googletest/googletest/src/gtest_main.cc
Note: Google Test filter = HeapTest.TwoElementPush_HighPriFirst
[==========] Running 1 test from 1 test suite.
[----------] Global test environment set-up.
[----------] 1 test from HeapTest
[ RUN      ] HeapTest.TwoElementPush_HighPriFirst
[       OK ] HeapTest.TwoElementPush_HighPriFirst (34 ms)
[----------] 1 test from HeapTest (44 ms total)

[----------] Global test environment tear-down
[==========] 1 test from 1 test suite ran. (98 ms total)
[  PASSED  ] 1 test.
==1518== 
==1518== HEAP SUMMARY:
==1518==     in use at exit: 0 bytes in 0 blocks
==1518==   total heap usage: 470 allocs, 470 frees, 135,899 bytes allocated
==1518== 
==1518== All heap blocks were freed -- no leaks are possible
==1518== 
==1518== For counts of detected and suppressed errors, rerun with: -v
==1518== ERROR SUMMARY: 0 errors from 0 contexts (suppressed: 0 from 0)
<end of output>
Test time =   1.57 sec
----------------------------------------------------------
Test Passed.
"HeapTest.TwoElementPush_HighPriFirst" end time: Oct 23 04:13 UTC
"HeapTest.TwoElementPush_HighPriFirst" time elapsed: 00:00:01
----------------------------------------------------------

35/50 Testing: HeapTest.Duplicates
35/50 Test: HeapTest.Duplicates
Command: "/usr/bin/valgrind" "--tool=memcheck" "--leak-check=yes" "--trace-children=no" "--error-exitcode=113" "/home/codio/workspace/hw3/hw3_tests/build/heap_tests/heap_tests" "--gtest_filter=HeapTest.Duplicates"
Directory: /home/codio/workspace/hw3/hw3_tests/build/heap_tests
"HeapTest.Duplicates" start time: Oct 23 04:13 UTC
Output:
----------------------------------------------------------
==1519== Memcheck, a memory error detector
==1519== Copyright (C) 2002-2017, and GNU GPL'd, by Julian Seward et al.
==1519== Using Valgrind-3.13.0 and LibVEX; rerun with -h for copyright info
==1519== Command: /home/codio/workspace/hw3/hw3_tests/build/heap_tests/heap_tests --gtest_filter=HeapTest.Duplicates
==1519== 
Running main() from /home/codio/googletest/googletest/src/gtest_main.cc
Note: Google Test filter = HeapTest.Duplicates
[==========] Running 1 test from 1 test suite.
[----------] Global test environment set-up.
[----------] 1 test from HeapTest
[ RUN      ] HeapTest.Duplicates
[       OK ] HeapTest.Duplicates (35 ms)
[----------] 1 test from HeapTest (45 ms total)

[----------] Global test environment tear-down
[==========] 1 test from 1 test suite ran. (98 ms total)
[  PASSED  ] 1 test.
==1519== 
==1519== HEAP SUMMARY:
==1519==     in use at exit: 0 bytes in 0 blocks
==1519==   total heap usage: 471 allocs, 471 frees, 135,727 bytes allocated
==1519== 
==1519== All heap blocks were freed -- no leaks are possible
==1519== 
==1519== For counts of detected and suppressed errors, rerun with: -v
==1519== ERROR SUMMARY: 0 errors from 0 contexts (suppressed: 0 from 0)
<end of output>
Test time =   1.57 sec
----------------------------------------------------------
Test Passed.
"HeapTest.Duplicates" end time: Oct 23 04:13 UTC
"HeapTest.Duplicates" time elapsed: 00:00:01
----------------------------------------------------------

36/50 Testing: HeapTest.NegativeElements
36/50 Test: HeapTest.NegativeElements
Command: "/usr/bin/valgrind" "--tool=memcheck" "--leak-check=yes" "--trace-children=no" "--error-exitcode=113" "/home/codio/workspace/hw3/hw3_tests/build/heap_tests/heap_tests" "--gtest_filter=HeapTest.NegativeElements"
Directory: /home/codio/workspace/hw3/hw3_tests/build/heap_tests
"HeapTest.NegativeElements" start time: Oct 23 04:13 UTC
Output:
----------------------------------------------------------
==1520== Memcheck, a memory error detector
==1520== Copyright (C) 2002-2017, and GNU GPL'd, by Julian Seward et al.
==1520== Using Valgrind-3.13.0 and LibVEX; rerun with -h for copyright info
==1520== Command: /home/codio/workspace/hw3/hw3_tests/build/heap_tests/heap_tests --gtest_filter=HeapTest.NegativeElements
==1520== 
Running main() from /home/codio/googletest/googletest/src/gtest_main.cc
Note: Google Test filter = HeapTest.NegativeElements
[==========] Running 1 test from 1 test suite.
[----------] Global test environment set-up.
[----------] 1 test from HeapTest
[ RUN      ] HeapTest.NegativeElements
[       OK ] HeapTest.NegativeElements (30 ms)
[----------] 1 test from HeapTest (39 ms total)

[----------] Global test environment tear-down
[==========] 1 test from 1 test suite ran. (93 ms total)
[  PASSED  ] 1 test.
==1520== 
==1520== HEAP SUMMARY:
==1520==     in use at exit: 0 bytes in 0 blocks
==1520==   total heap usage: 470 allocs, 470 frees, 135,771 bytes allocated
==1520== 
==1520== All heap blocks were freed -- no leaks are possible
==1520== 
==1520== For counts of detected and suppressed errors, rerun with: -v
==1520== ERROR SUMMARY: 0 errors from 0 contexts (suppressed: 0 from 0)
<end of output>
Test time =   1.58 sec
----------------------------------------------------------
Test Passed.
"HeapTest.NegativeElements" end time: Oct 23 04:13 UTC
"HeapTest.NegativeElements" time elapsed: 00:00:01
----------------------------------------------------------

37/50 Testing: HeapTest.ThreeElementPush_0_5_10
37/50 Test: HeapTest.ThreeElementPush_0_5_10
Command: "/usr/bin/valgrind" "--tool=memcheck" "--leak-check=yes" "--trace-children=no" "--error-exitcode=113" "/home/codio/workspace/hw3/hw3_tests/build/heap_tests/heap_tests" "--gtest_filter=HeapTest.ThreeElementPush_0_5_10"
Directory: /home/codio/workspace/hw3/hw3_tests/build/heap_tests
"HeapTest.ThreeElementPush_0_5_10" start time: Oct 23 04:13 UTC
Output:
----------------------------------------------------------
==1521== Memcheck, a memory error detector
==1521== Copyright (C) 2002-2017, and GNU GPL'd, by Julian Seward et al.
==1521== Using Valgrind-3.13.0 and LibVEX; rerun with -h for copyright info
==1521== Command: /home/codio/workspace/hw3/hw3_tests/build/heap_tests/heap_tests --gtest_filter=HeapTest.ThreeElementPush_0_5_10
==1521== 
Running main() from /home/codio/googletest/googletest/src/gtest_main.cc
Note: Google Test filter = HeapTest.ThreeElementPush_0_5_10
[==========] Running 1 test from 1 test suite.
[----------] Global test environment set-up.
[----------] 1 test from HeapTest
[ RUN      ] HeapTest.ThreeElementPush_0_5_10
[       OK ] HeapTest.ThreeElementPush_0_5_10 (37 ms)
[----------] 1 test from HeapTest (46 ms total)

[----------] Global test environment tear-down
[==========] 1 test from 1 test suite ran. (100 ms total)
[  PASSED  ] 1 test.
==1521== 
==1521== HEAP SUMMARY:
==1521==     in use at exit: 0 bytes in 0 blocks
==1521==   total heap usage: 471 allocs, 471 frees, 135,863 bytes allocated
==1521== 
==1521== All heap blocks were freed -- no leaks are possible
==1521== 
==1521== For counts of detected and suppressed errors, rerun with: -v
==1521== ERROR SUMMARY: 0 errors from 0 contexts (suppressed: 0 from 0)
<end of output>
Test time =   1.59 sec
----------------------------------------------------------
Test Passed.
"HeapTest.ThreeElementPush_0_5_10" end time: Oct 23 04:13 UTC
"HeapTest.ThreeElementPush_0_5_10" time elapsed: 00:00:01
----------------------------------------------------------

38/50 Testing: HeapTest.ThreeElementPush_0_10_5
38/50 Test: HeapTest.ThreeElementPush_0_10_5
Command: "/usr/bin/valgrind" "--tool=memcheck" "--leak-check=yes" "--trace-children=no" "--error-exitcode=113" "/home/codio/workspace/hw3/hw3_tests/build/heap_tests/heap_tests" "--gtest_filter=HeapTest.ThreeElementPush_0_10_5"
Directory: /home/codio/workspace/hw3/hw3_tests/build/heap_tests
"HeapTest.ThreeElementPush_0_10_5" start time: Oct 23 04:13 UTC
Output:
----------------------------------------------------------
==1522== Memcheck, a memory error detector
==1522== Copyright (C) 2002-2017, and GNU GPL'd, by Julian Seward et al.
==1522== Using Valgrind-3.13.0 and LibVEX; rerun with -h for copyright info
==1522== Command: /home/codio/workspace/hw3/hw3_tests/build/heap_tests/heap_tests --gtest_filter=HeapTest.ThreeElementPush_0_10_5
==1522== 
Running main() from /home/codio/googletest/googletest/src/gtest_main.cc
Note: Google Test filter = HeapTest.ThreeElementPush_0_10_5
[==========] Running 1 test from 1 test suite.
[----------] Global test environment set-up.
[----------] 1 test from HeapTest
[ RUN      ] HeapTest.ThreeElementPush_0_10_5
[       OK ] HeapTest.ThreeElementPush_0_10_5 (35 ms)
[----------] 1 test from HeapTest (45 ms total)

[----------] Global test environment tear-down
[==========] 1 test from 1 test suite ran. (98 ms total)
[  PASSED  ] 1 test.
==1522== 
==1522== HEAP SUMMARY:
==1522==     in use at exit: 0 bytes in 0 blocks
==1522==   total heap usage: 471 allocs, 471 frees, 135,863 bytes allocated
==1522== 
==1522== All heap blocks were freed -- no leaks are possible
==1522== 
==1522== For counts of detected and suppressed errors, rerun with: -v
==1522== ERROR SUMMARY: 0 errors from 0 contexts (suppressed: 0 from 0)
<end of output>
Test time =   1.58 sec
----------------------------------------------------------
Test Passed.
"HeapTest.ThreeElementPush_0_10_5" end time: Oct 23 04:13 UTC
"HeapTest.ThreeElementPush_0_10_5" time elapsed: 00:00:01
----------------------------------------------------------

39/50 Testing: HeapTest.ThreeElementPush_5_0_10
39/50 Test: HeapTest.ThreeElementPush_5_0_10
Command: "/usr/bin/valgrind" "--tool=memcheck" "--leak-check=yes" "--trace-children=no" "--error-exitcode=113" "/home/codio/workspace/hw3/hw3_tests/build/heap_tests/heap_tests" "--gtest_filter=HeapTest.ThreeElementPush_5_0_10"
Directory: /home/codio/workspace/hw3/hw3_tests/build/heap_tests
"HeapTest.ThreeElementPush_5_0_10" start time: Oct 23 04:13 UTC
Output:
----------------------------------------------------------
==1523== Memcheck, a memory error detector
==1523== Copyright (C) 2002-2017, and GNU GPL'd, by Julian Seward et al.
==1523== Using Valgrind-3.13.0 and LibVEX; rerun with -h for copyright info
==1523== Command: /home/codio/workspace/hw3/hw3_tests/build/heap_tests/heap_tests --gtest_filter=HeapTest.ThreeElementPush_5_0_10
==1523== 
Running main() from /home/codio/googletest/googletest/src/gtest_main.cc
Note: Google Test filter = HeapTest.ThreeElementPush_5_0_10
[==========] Running 1 test from 1 test suite.
[----------] Global test environment set-up.
[----------] 1 test from HeapTest
[ RUN      ] HeapTest.ThreeElementPush_5_0_10
[       OK ] HeapTest.ThreeElementPush_5_0_10 (37 ms)
[----------] 1 test from HeapTest (46 ms total)

[----------] Global test environment tear-down
[==========] 1 test from 1 test suite ran. (100 ms total)
[  PASSED  ] 1 test.
==1523== 
==1523== HEAP SUMMARY:
==1523==     in use at exit: 0 bytes in 0 blocks
==1523==   total heap usage: 471 allocs, 471 frees, 135,863 bytes allocated
==1523== 
==1523== All heap blocks were freed -- no leaks are possible
==1523== 
==1523== For counts of detected and suppressed errors, rerun with: -v
==1523== ERROR SUMMARY: 0 errors from 0 contexts (suppressed: 0 from 0)
<end of output>
Test time =   1.58 sec
----------------------------------------------------------
Test Passed.
"HeapTest.ThreeElementPush_5_0_10" end time: Oct 23 04:13 UTC
"HeapTest.ThreeElementPush_5_0_10" time elapsed: 00:00:01
----------------------------------------------------------

40/50 Testing: HeapTest.ThreeElementPush_5_10_0
40/50 Test: HeapTest.ThreeElementPush_5_10_0
Command: "/usr/bin/valgrind" "--tool=memcheck" "--leak-check=yes" "--trace-children=no" "--error-exitcode=113" "/home/codio/workspace/hw3/hw3_tests/build/heap_tests/heap_tests" "--gtest_filter=HeapTest.ThreeElementPush_5_10_0"
Directory: /home/codio/workspace/hw3/hw3_tests/build/heap_tests
"HeapTest.ThreeElementPush_5_10_0" start time: Oct 23 04:13 UTC
Output:
----------------------------------------------------------
==1524== Memcheck, a memory error detector
==1524== Copyright (C) 2002-2017, and GNU GPL'd, by Julian Seward et al.
==1524== Using Valgrind-3.13.0 and LibVEX; rerun with -h for copyright info
==1524== Command: /home/codio/workspace/hw3/hw3_tests/build/heap_tests/heap_tests --gtest_filter=HeapTest.ThreeElementPush_5_10_0
==1524== 
Running main() from /home/codio/googletest/googletest/src/gtest_main.cc
Note: Google Test filter = HeapTest.ThreeElementPush_5_10_0
[==========] Running 1 test from 1 test suite.
[----------] Global test environment set-up.
[----------] 1 test from HeapTest
[ RUN      ] HeapTest.ThreeElementPush_5_10_0
[       OK ] HeapTest.ThreeElementPush_5_10_0 (36 ms)
[----------] 1 test from HeapTest (46 ms total)

[----------] Global test environment tear-down
[==========] 1 test from 1 test suite ran. (100 ms total)
[  PASSED  ] 1 test.
==1524== 
==1524== HEAP SUMMARY:
==1524==     in use at exit: 0 bytes in 0 blocks
==1524==   total heap usage: 471 allocs, 471 frees, 135,863 bytes allocated
==1524== 
==1524== All heap blocks were freed -- no leaks are possible
==1524== 
==1524== For counts of detected and suppressed errors, rerun with: -v
==1524== ERROR SUMMARY: 0 errors from 0 contexts (suppressed: 0 from 0)
<end of output>
Test time =   1.60 sec
----------------------------------------------------------
Test Passed.
"HeapTest.ThreeElementPush_5_10_0" end time: Oct 23 04:13 UTC
"HeapTest.ThreeElementPush_5_10_0" time elapsed: 00:00:01
----------------------------------------------------------

41/50 Testing: HeapTest.ThreeElementPush_10_0_5
41/50 Test: HeapTest.ThreeElementPush_10_0_5
Command: "/usr/bin/valgrind" "--tool=memcheck" "--leak-check=yes" "--trace-children=no" "--error-exitcode=113" "/home/codio/workspace/hw3/hw3_tests/build/heap_tests/heap_tests" "--gtest_filter=HeapTest.ThreeElementPush_10_0_5"
Directory: /home/codio/workspace/hw3/hw3_tests/build/heap_tests
"HeapTest.ThreeElementPush_10_0_5" start time: Oct 23 04:13 UTC
Output:
----------------------------------------------------------
==1525== Memcheck, a memory error detector
==1525== Copyright (C) 2002-2017, and GNU GPL'd, by Julian Seward et al.
==1525== Using Valgrind-3.13.0 and LibVEX; rerun with -h for copyright info
==1525== Command: /home/codio/workspace/hw3/hw3_tests/build/heap_tests/heap_tests --gtest_filter=HeapTest.ThreeElementPush_10_0_5
==1525== 
Running main() from /home/codio/googletest/googletest/src/gtest_main.cc
Note: Google Test filter = HeapTest.ThreeElementPush_10_0_5
[==========] Running 1 test from 1 test suite.
[----------] Global test environment set-up.
[----------] 1 test from HeapTest
[ RUN      ] HeapTest.ThreeElementPush_10_0_5
[       OK ] HeapTest.ThreeElementPush_10_0_5 (36 ms)
[----------] 1 test from HeapTest (46 ms total)

[----------] Global test environment tear-down
[==========] 1 test from 1 test suite ran. (101 ms total)
[  PASSED  ] 1 test.
==1525== 
==1525== HEAP SUMMARY:
==1525==     in use at exit: 0 bytes in 0 blocks
==1525==   total heap usage: 471 allocs, 471 frees, 135,863 bytes allocated
==1525== 
==1525== All heap blocks were freed -- no leaks are possible
==1525== 
==1525== For counts of detected and suppressed errors, rerun with: -v
==1525== ERROR SUMMARY: 0 errors from 0 contexts (suppressed: 0 from 0)
<end of output>
Test time =   1.63 sec
----------------------------------------------------------
Test Passed.
"HeapTest.ThreeElementPush_10_0_5" end time: Oct 23 04:13 UTC
"HeapTest.ThreeElementPush_10_0_5" time elapsed: 00:00:01
----------------------------------------------------------

42/50 Testing: HeapTest.ThreeElementPush_10_5_0
42/50 Test: HeapTest.ThreeElementPush_10_5_0
Command: "/usr/bin/valgrind" "--tool=memcheck" "--leak-check=yes" "--trace-children=no" "--error-exitcode=113" "/home/codio/workspace/hw3/hw3_tests/build/heap_tests/heap_tests" "--gtest_filter=HeapTest.ThreeElementPush_10_5_0"
Directory: /home/codio/workspace/hw3/hw3_tests/build/heap_tests
"HeapTest.ThreeElementPush_10_5_0" start time: Oct 23 04:13 UTC
Output:
----------------------------------------------------------
==1526== Memcheck, a memory error detector
==1526== Copyright (C) 2002-2017, and GNU GPL'd, by Julian Seward et al.
==1526== Using Valgrind-3.13.0 and LibVEX; rerun with -h for copyright info
==1526== Command: /home/codio/workspace/hw3/hw3_tests/build/heap_tests/heap_tests --gtest_filter=HeapTest.ThreeElementPush_10_5_0
==1526== 
Running main() from /home/codio/googletest/googletest/src/gtest_main.cc
Note: Google Test filter = HeapTest.ThreeElementPush_10_5_0
[==========] Running 1 test from 1 test suite.
[----------] Global test environment set-up.
[----------] 1 test from HeapTest
[ RUN      ] HeapTest.ThreeElementPush_10_5_0
[       OK ] HeapTest.ThreeElementPush_10_5_0 (36 ms)
[----------] 1 test from HeapTest (46 ms total)

[----------] Global test environment tear-down
[==========] 1 test from 1 test suite ran. (104 ms total)
[  PASSED  ] 1 test.
==1526== 
==1526== HEAP SUMMARY:
==1526==     in use at exit: 0 bytes in 0 blocks
==1526==   total heap usage: 471 allocs, 471 frees, 135,863 bytes allocated
==1526== 
==1526== All heap blocks were freed -- no leaks are possible
==1526== 
==1526== For counts of detected and suppressed errors, rerun with: -v
==1526== ERROR SUMMARY: 0 errors from 0 contexts (suppressed: 0 from 0)
<end of output>
Test time =   1.60 sec
----------------------------------------------------------
Test Passed.
"HeapTest.ThreeElementPush_10_5_0" end time: Oct 23 04:13 UTC
"HeapTest.ThreeElementPush_10_5_0" time elapsed: 00:00:01
----------------------------------------------------------

43/50 Testing: HeapTest.GreaterComparator
43/50 Test: HeapTest.GreaterComparator
Command: "/usr/bin/valgrind" "--tool=memcheck" "--leak-check=yes" "--trace-children=no" "--error-exitcode=113" "/home/codio/workspace/hw3/hw3_tests/build/heap_tests/heap_tests" "--gtest_filter=HeapTest.GreaterComparator"
Directory: /home/codio/workspace/hw3/hw3_tests/build/heap_tests
"HeapTest.GreaterComparator" start time: Oct 23 04:13 UTC
Output:
----------------------------------------------------------
==1527== Memcheck, a memory error detector
==1527== Copyright (C) 2002-2017, and GNU GPL'd, by Julian Seward et al.
==1527== Using Valgrind-3.13.0 and LibVEX; rerun with -h for copyright info
==1527== Command: /home/codio/workspace/hw3/hw3_tests/build/heap_tests/heap_tests --gtest_filter=HeapTest.GreaterComparator
==1527== 
Running main() from /home/codio/googletest/googletest/src/gtest_main.cc
Note: Google Test filter = HeapTest.GreaterComparator
[==========] Running 1 test from 1 test suite.
[----------] Global test environment set-up.
[----------] 1 test from HeapTest
[ RUN      ] HeapTest.GreaterComparator
[       OK ] HeapTest.GreaterComparator (35 ms)
[----------] 1 test from HeapTest (45 ms total)

[----------] Global test environment tear-down
[==========] 1 test from 1 test suite ran. (99 ms total)
[  PASSED  ] 1 test.
==1527== 
==1527== HEAP SUMMARY:
==1527==     in use at exit: 0 bytes in 0 blocks
==1527==   total heap usage: 471 allocs, 471 frees, 135,797 bytes allocated
==1527== 
==1527== All heap blocks were freed -- no leaks are possible
==1527== 
==1527== For counts of detected and suppressed errors, rerun with: -v
==1527== ERROR SUMMARY: 0 errors from 0 contexts (suppressed: 0 from 0)
<end of output>
Test time =   1.59 sec
----------------------------------------------------------
Test Passed.
"HeapTest.GreaterComparator" end time: Oct 23 04:13 UTC
"HeapTest.GreaterComparator" time elapsed: 00:00:01
----------------------------------------------------------

44/50 Testing: HeapTest.StringStorage
44/50 Test: HeapTest.StringStorage
Command: "/usr/bin/valgrind" "--tool=memcheck" "--leak-check=yes" "--trace-children=no" "--error-exitcode=113" "/home/codio/workspace/hw3/hw3_tests/build/heap_tests/heap_tests" "--gtest_filter=HeapTest.StringStorage"
Directory: /home/codio/workspace/hw3/hw3_tests/build/heap_tests
"HeapTest.StringStorage" start time: Oct 23 04:13 UTC
Output:
----------------------------------------------------------
==1528== Memcheck, a memory error detector
==1528== Copyright (C) 2002-2017, and GNU GPL'd, by Julian Seward et al.
==1528== Using Valgrind-3.13.0 and LibVEX; rerun with -h for copyright info
==1528== Command: /home/codio/workspace/hw3/hw3_tests/build/heap_tests/heap_tests --gtest_filter=HeapTest.StringStorage
==1528== 
Running main() from /home/codio/googletest/googletest/src/gtest_main.cc
Note: Google Test filter = HeapTest.StringStorage
[==========] Running 1 test from 1 test suite.
[----------] Global test environment set-up.
[----------] 1 test from HeapTest
[ RUN      ] HeapTest.StringStorage
[       OK ] HeapTest.StringStorage (34 ms)
[----------] 1 test from HeapTest (44 ms total)

[----------] Global test environment tear-down
[==========] 1 test from 1 test suite ran. (98 ms total)
[  PASSED  ] 1 test.
==1528== 
==1528== HEAP SUMMARY:
==1528==     in use at exit: 0 bytes in 0 blocks
==1528==   total heap usage: 471 allocs, 471 frees, 135,953 bytes allocated
==1528== 
==1528== All heap blocks were freed -- no leaks are possible
==1528== 
==1528== For counts of detected and suppressed errors, rerun with: -v
==1528== ERROR SUMMARY: 0 errors from 0 contexts (suppressed: 0 from 0)
<end of output>
Test time =   1.61 sec
----------------------------------------------------------
Test Passed.
"HeapTest.StringStorage" end time: Oct 23 04:13 UTC
"HeapTest.StringStorage" time elapsed: 00:00:01
----------------------------------------------------------

45/50 Testing: HeapTest.FiveElementPush_TrinaryHeap
45/50 Test: HeapTest.FiveElementPush_TrinaryHeap
Command: "/usr/bin/valgrind" "--tool=memcheck" "--leak-check=yes" "--trace-children=no" "--error-exitcode=113" "/home/codio/workspace/hw3/hw3_tests/build/heap_tests/heap_tests" "--gtest_filter=HeapTest.FiveElementPush_TrinaryHeap"
Directory: /home/codio/workspace/hw3/hw3_tests/build/heap_tests
"HeapTest.FiveElementPush_TrinaryHeap" start time: Oct 23 04:13 UTC
Output:
----------------------------------------------------------
==1529== Memcheck, a memory error detector
==1529== Copyright (C) 2002-2017, and GNU GPL'd, by Julian Seward et al.
==1529== Using Valgrind-3.13.0 and LibVEX; rerun with -h for copyright info
==1529== Command: /home/codio/workspace/hw3/hw3_tests/build/heap_tests/heap_tests --gtest_filter=HeapTest.FiveElementPush_TrinaryHeap
==1529== 
Running main() from /home/codio/googletest/googletest/src/gtest_main.cc
Note: Google Test filter = HeapTest.FiveElementPush_TrinaryHeap
[==========] Running 1 test from 1 test suite.
[----------] Global test environment set-up.
[----------] 1 test from HeapTest
[ RUN      ] HeapTest.FiveElementPush_TrinaryHeap
[       OK ] HeapTest.FiveElementPush_TrinaryHeap (38 ms)
[----------] 1 test from HeapTest (48 ms total)

[----------] Global test environment tear-down
[==========] 1 test from 1 test suite ran. (101 ms total)
[  PASSED  ] 1 test.
==1529== 
==1529== HEAP SUMMARY:
==1529==     in use at exit: 0 bytes in 0 blocks
==1529==   total heap usage: 472 allocs, 472 frees, 135,947 bytes allocated
==1529== 
==1529== All heap blocks were freed -- no leaks are possible
==1529== 
==1529== For counts of detected and suppressed errors, rerun with: -v
==1529== ERROR SUMMARY: 0 errors from 0 contexts (suppressed: 0 from 0)
<end of output>
Test time =   1.61 sec
----------------------------------------------------------
Test Passed.
"HeapTest.FiveElementPush_TrinaryHeap" end time: Oct 23 04:13 UTC
"HeapTest.FiveElementPush_TrinaryHeap" time elapsed: 00:00:01
----------------------------------------------------------

46/50 Testing: HeapTest.SixElementPush_QuaternaryHeap
46/50 Test: HeapTest.SixElementPush_QuaternaryHeap
Command: "/usr/bin/valgrind" "--tool=memcheck" "--leak-check=yes" "--trace-children=no" "--error-exitcode=113" "/home/codio/workspace/hw3/hw3_tests/build/heap_tests/heap_tests" "--gtest_filter=HeapTest.SixElementPush_QuaternaryHeap"
Directory: /home/codio/workspace/hw3/hw3_tests/build/heap_tests
"HeapTest.SixElementPush_QuaternaryHeap" start time: Oct 23 04:13 UTC
Output:
----------------------------------------------------------
==1530== Memcheck, a memory error detector
==1530== Copyright (C) 2002-2017, and GNU GPL'd, by Julian Seward et al.
==1530== Using Valgrind-3.13.0 and LibVEX; rerun with -h for copyright info
==1530== Command: /home/codio/workspace/hw3/hw3_tests/build/heap_tests/heap_tests --gtest_filter=HeapTest.SixElementPush_QuaternaryHeap
==1530== 
Running main() from /home/codio/googletest/googletest/src/gtest_main.cc
Note: Google Test filter = HeapTest.SixElementPush_QuaternaryHeap
[==========] Running 1 test from 1 test suite.
[----------] Global test environment set-up.
[----------] 1 test from HeapTest
[ RUN      ] HeapTest.SixElementPush_QuaternaryHeap
[       OK ] HeapTest.SixElementPush_QuaternaryHeap (39 ms)
[----------] 1 test from HeapTest (49 ms total)

[----------] Global test environment tear-down
[==========] 1 test from 1 test suite ran. (103 ms total)
[  PASSED  ] 1 test.
==1530== 
==1530== HEAP SUMMARY:
==1530==     in use at exit: 0 bytes in 0 blocks
==1530==   total heap usage: 472 allocs, 472 frees, 135,973 bytes allocated
==1530== 
==1530== All heap blocks were freed -- no leaks are possible
==1530== 
==1530== For counts of detected and suppressed errors, rerun with: -v
==1530== ERROR SUMMARY: 0 errors from 0 contexts (suppressed: 0 from 0)
<end of output>
Test time =   1.59 sec
----------------------------------------------------------
Test Passed.
"HeapTest.SixElementPush_QuaternaryHeap" end time: Oct 23 04:13 UTC
"HeapTest.SixElementPush_QuaternaryHeap" time elapsed: 00:00:01
----------------------------------------------------------

47/50 Testing: HeapStress.50x50RandomElements_BinaryHeap
47/50 Test: HeapStress.50x50RandomElements_BinaryHeap
Command: "/usr/bin/valgrind" "--tool=memcheck" "--leak-check=yes" "--trace-children=no" "--error-exitcode=113" "/home/codio/workspace/hw3/hw3_tests/build/heap_tests/heap_tests" "--gtest_filter=HeapStress.50x50RandomElements_BinaryHeap"
Directory: /home/codio/workspace/hw3/hw3_tests/build/heap_tests
"HeapStress.50x50RandomElements_BinaryHeap" start time: Oct 23 04:13 UTC
Output:
----------------------------------------------------------
==1531== Memcheck, a memory error detector
==1531== Copyright (C) 2002-2017, and GNU GPL'd, by Julian Seward et al.
==1531== Using Valgrind-3.13.0 and LibVEX; rerun with -h for copyright info
==1531== Command: /home/codio/workspace/hw3/hw3_tests/build/heap_tests/heap_tests --gtest_filter=HeapStress.50x50RandomElements_BinaryHeap
==1531== 
Running main() from /home/codio/googletest/googletest/src/gtest_main.cc
Note: Google Test filter = HeapStress.50x50RandomElements_BinaryHeap
[==========] Running 1 test from 1 test suite.
[----------] Global test environment set-up.
[----------] 1 test from HeapStress
[ RUN      ] HeapStress.50x50RandomElements_BinaryHeap
[       OK ] HeapStress.50x50RandomElements_BinaryHeap (219 ms)
[----------] 1 test from HeapStress (230 ms total)

[----------] Global test environment tear-down
[==========] 1 test from 1 test suite ran. (285 ms total)
[  PASSED  ] 1 test.
==1531== 
==1531== HEAP SUMMARY:
==1531==     in use at exit: 0 bytes in 0 blocks
==1531==   total heap usage: 969 allocs, 969 frees, 183,544 bytes allocated
==1531== 
==1531== All heap blocks were freed -- no leaks are possible
==1531== 
==1531== For counts of detected and suppressed errors, rerun with: -v
==1531== ERROR SUMMARY: 0 errors from 0 contexts (suppressed: 0 from 0)
<end of output>
Test time =   1.80 sec
----------------------------------------------------------
Test Passed.
"HeapStress.50x50RandomElements_BinaryHeap" end time: Oct 23 04:13 UTC
"HeapStress.50x50RandomElements_BinaryHeap" time elapsed: 00:00:01
----------------------------------------------------------

48/50 Testing: HeapStress.50x50RandomElements_QuaternaryHeap
48/50 Test: HeapStress.50x50RandomElements_QuaternaryHeap
Command: "/usr/bin/valgrind" "--tool=memcheck" "--leak-check=yes" "--trace-children=no" "--error-exitcode=113" "/home/codio/workspace/hw3/hw3_tests/build/heap_tests/heap_tests" "--gtest_filter=HeapStress.50x50RandomElements_QuaternaryHeap"
Directory: /home/codio/workspace/hw3/hw3_tests/build/heap_tests
"HeapStress.50x50RandomElements_QuaternaryHeap" start time: Oct 23 04:13 UTC
Output:
----------------------------------------------------------
==1532== Memcheck, a memory error detector
==1532== Copyright (C) 2002-2017, and GNU GPL'd, by Julian Seward et al.
==1532== Using Valgrind-3.13.0 and LibVEX; rerun with -h for copyright info
==1532== Command: /home/codio/workspace/hw3/hw3_tests/build/heap_tests/heap_tests --gtest_filter=HeapStress.50x50RandomElements_QuaternaryHeap
==1532== 
Running main() from /home/codio/googletest/googletest/src/gtest_main.cc
Note: Google Test filter = HeapStress.50x50RandomElements_QuaternaryHeap
[==========] Running 1 test from 1 test suite.
[----------] Global test environment set-up.
[----------] 1 test from HeapStress
[ RUN      ] HeapStress.50x50RandomElements_QuaternaryHeap
[       OK ] HeapStress.50x50RandomElements_QuaternaryHeap (209 ms)
[----------] 1 test from HeapStress (219 ms total)

[----------] Global test environment tear-down
[==========] 1 test from 1 test suite ran. (272 ms total)
[  PASSED  ] 1 test.
==1532== 
==1532== HEAP SUMMARY:
==1532==     in use at exit: 0 bytes in 0 blocks
==1532==   total heap usage: 969 allocs, 969 frees, 183,596 bytes allocated
==1532== 
==1532== All heap blocks were freed -- no leaks are possible
==1532== 
==1532== For counts of detected and suppressed errors, rerun with: -v
==1532== ERROR SUMMARY: 0 errors from 0 contexts (suppressed: 0 from 0)
<end of output>
Test time =   1.78 sec
----------------------------------------------------------
Test Passed.
"HeapStress.50x50RandomElements_QuaternaryHeap" end time: Oct 23 04:13 UTC
"HeapStress.50x50RandomElements_QuaternaryHeap" time elapsed: 00:00:01
----------------------------------------------------------

49/50 Testing: HeapStress.50x50RandomElements_DodecenaryHeap
49/50 Test: HeapStress.50x50RandomElements_DodecenaryHeap
Command: "/usr/bin/valgrind" "--tool=memcheck" "--leak-check=yes" "--trace-children=no" "--error-exitcode=113" "/home/codio/workspace/hw3/hw3_tests/build/heap_tests/heap_tests" "--gtest_filter=HeapStress.50x50RandomElements_DodecenaryHeap"
Directory: /home/codio/workspace/hw3/hw3_tests/build/heap_tests
"HeapStress.50x50RandomElements_DodecenaryHeap" start time: Oct 23 04:13 UTC
Output:
----------------------------------------------------------
==1533== Memcheck, a memory error detector
==1533== Copyright (C) 2002-2017, and GNU GPL'd, by Julian Seward et al.
==1533== Using Valgrind-3.13.0 and LibVEX; rerun with -h for copyright info
==1533== Command: /home/codio/workspace/hw3/hw3_tests/build/heap_tests/heap_tests --gtest_filter=HeapStress.50x50RandomElements_DodecenaryHeap
==1533== 
Running main() from /home/codio/googletest/googletest/src/gtest_main.cc
Note: Google Test filter = HeapStress.50x50RandomElements_DodecenaryHeap
[==========] Running 1 test from 1 test suite.
[----------] Global test environment set-up.
[----------] 1 test from HeapStress
[ RUN      ] HeapStress.50x50RandomElements_DodecenaryHeap
[       OK ] HeapStress.50x50RandomElements_DodecenaryHeap (223 ms)
[----------] 1 test from HeapStress (233 ms total)

[----------] Global test environment tear-down
[==========] 1 test from 1 test suite ran. (288 ms total)
[  PASSED  ] 1 test.
==1533== 
==1533== HEAP SUMMARY:
==1533==     in use at exit: 0 bytes in 0 blocks
==1533==   total heap usage: 969 allocs, 969 frees, 183,596 bytes allocated
==1533== 
==1533== All heap blocks were freed -- no leaks are possible
==1533== 
==1533== For counts of detected and suppressed errors, rerun with: -v
==1533== ERROR SUMMARY: 0 errors from 0 contexts (suppressed: 0 from 0)
<end of output>
Test time =   1.82 sec
----------------------------------------------------------
Test Passed.
"HeapStress.50x50RandomElements_DodecenaryHeap" end time: Oct 23 04:13 UTC
"HeapStress.50x50RandomElements_DodecenaryHeap" time elapsed: 00:00:01
----------------------------------------------------------

50/50 Testing: HeapStress.2x2000RandomElements_Binary
50/50 Test: HeapStress.2x2000RandomElements_Binary
Command: "/usr/bin/valgrind" "--tool=memcheck" "--leak-check=yes" "--trace-children=no" "--error-exitcode=113" "/home/codio/workspace/hw3/hw3_tests/build/heap_tests/heap_tests" "--gtest_filter=HeapStress.2x2000RandomElements_Binary"
Directory: /home/codio/workspace/hw3/hw3_tests/build/heap_tests
"HeapStress.2x2000RandomElements_Binary" start time: Oct 23 04:13 UTC
Output:
----------------------------------------------------------
==1534== Memcheck, a memory error detector
==1534== Copyright (C) 2002-2017, and GNU GPL'd, by Julian Seward et al.
==1534== Using Valgrind-3.13.0 and LibVEX; rerun with -h for copyright info
==1534== Command: /home/codio/workspace/hw3/hw3_tests/build/heap_tests/heap_tests --gtest_filter=HeapStress.2x2000RandomElements_Binary
==1534== 
Running main() from /home/codio/googletest/googletest/src/gtest_main.cc
Note: Google Test filter = HeapStress.2x2000RandomElements_Binary
[==========] Running 1 test from 1 test suite.
[----------] Global test environment set-up.
[----------] 1 test from HeapStress
[ RUN      ] HeapStress.2x2000RandomElements_Binary
[       OK ] HeapStress.2x2000RandomElements_Binary (248 ms)
[----------] 1 test from HeapStress (257 ms total)

[----------] Global test environment tear-down
[==========] 1 test from 1 test suite ran. (311 ms total)
[  PASSED  ] 1 test.
==1534== 
==1534== HEAP SUMMARY:
==1534==     in use at exit: 0 bytes in 0 blocks
==1534==   total heap usage: 499 allocs, 499 frees, 200,753 bytes allocated
==1534== 
==1534== All heap blocks were freed -- no leaks are possible
==1534== 
==1534== For counts of detected and suppressed errors, rerun with: -v
==1534== ERROR SUMMARY: 0 errors from 0 contexts (suppressed: 0 from 0)
<end of output>
Test time =   1.84 sec
----------------------------------------------------------
Test Passed.
"HeapStress.2x2000RandomElements_Binary" end time: Oct 23 04:13 UTC
"HeapStress.2x2000RandomElements_Binary" time elapsed: 00:00:01
----------------------------------------------------------

End testing: Oct 23 04:13 UTC
